Number of documents per topic in true clusters: [1000, 1000, 1000, 1000, 1000, 1000, 1000, 1000, 1000, 1000, 1000, 1000, 1000, 1000, 1000, 1000, 1000, 1000, 1000, 1000]
True topic label: 0	Most frequent words: [('wordpress', 868), ('post', 189), ('page', 134), ('category', 88), ('plugin', 71)]
True topic label: 1	Most frequent words: [('oracle', 747), ('sql', 179), ('table', 104), ('query', 72), ('database', 68)]
True topic label: 2	Most frequent words: [('svn', 601), ('subversion', 283), ('file', 178), ('repository', 147), ('directory', 64)]
True topic label: 3	Most frequent words: [('apache', 595), ('file', 92), ('htaccess', 88), ('server', 87), ('rewrite', 87)]
True topic label: 4	Most frequent words: [('excel', 853), ('vba', 144), ('cell', 111), ('file', 108), ('data', 80)]
True topic label: 5	Most frequent words: [('matlab', 818), ('function', 91), ('matrix', 84), ('array', 75), ('using', 71)]
True topic label: 6	Most frequent words: [('visual', 677), ('studio', 641), ('project', 140), ('file', 116), ('solution', 73)]
True topic label: 7	Most frequent words: [('cocoa', 306), ('application', 46), ('window', 45), ('app', 43), ('using', 43)]
True topic label: 8	Most frequent words: [('mac', 433), ('osx', 141), ('file', 76), ('application', 72), ('window', 57)]
True topic label: 9	Most frequent words: [('bash', 663), ('script', 237), ('file', 199), ('command', 120), ('variable', 77)]
True topic label: 10	Most frequent words: [('spring', 800), ('bean', 116), ('using', 91), ('hibernate', 68), ('mvc', 65)]
True topic label: 11	Most frequent words: [('hibernate', 853), ('query', 93), ('mapping', 82), ('using', 74), ('table', 69)]
True topic label: 12	Most frequent words: [('scala', 780), ('type', 104), ('java', 81), ('class', 71), ('actor', 58)]
True topic label: 13	Most frequent words: [('sharepoint', 739), ('list', 138), ('web', 122), ('site', 93), ('custom', 71)]
True topic label: 14	Most frequent words: [('ajax', 733), ('jquery', 111), ('using', 82), ('javascript', 69), ('call', 69)]
True topic label: 15	Most frequent words: [('qt', 617), ('window', 78), ('widget', 62), ('application', 61), ('using', 54)]
True topic label: 16	Most frequent words: [('drupal', 836), ('view', 131), ('node', 130), ('form', 83), ('page', 83)]
True topic label: 17	Most frequent words: [('linq', 856), ('sql', 159), ('query', 145), ('using', 105), ('object', 68)]
True topic label: 18	Most frequent words: [('haskell', 703), ('type', 144), ('function', 116), ('list', 91), ('using', 45)]
True topic label: 19	Most frequent words: [('magento', 873), ('product', 216), ('page', 78), ('custom', 70), ('category', 65)]
***end of true labels***

Predicted number of documents per topic for most populated clusters: [997 929 902 746 733 613 600 572 564 403 392 378 374 339 322 317 301 278
 275 267 255 253 247 241 232 229 223 222 210 205 205 204 204 197 196 195
 189 187 185 175 171 170 169 168 167 167 165 163 153 151 141 138 137 135
 135 130 125 122 121 121 120 107  98  97  97  96  95  93  92  90  86  85
  82  77  77  74  70  69  66  62  62  61  60  58  55  49  44  44  40  39
  36  35  29  27  27  25  24  22  14  11]
Predicted topic labels with highest numbers of documents: [10 45 28 70 47 89 92 76 56 21 14 46 60 96 23 34 17 72 16 35 97 33 24 86
  3 63 20  6 11 40 73 94 81 83 67  4  5 78  1 61 66 51 19 22 49 88 52 77
 74 82 98 38 68 25 64 31  7  9 87 54 99 36 55  2 80 79 95 18 75 71  8 13
 58 15 32 84 44 93 12 62 30 50 37 48 41 29 91  0 90 27 57 39 85 65 42 69
 59 43 26 53]
Predicted topic label: 10	Most frequent words: [('magento', 327), ('drupal', 239), ('wordpress', 162), ('page', 123), ('custom', 122)]
Predicted topic label: 45	Most frequent words: [('oracle', 262), ('linq', 240), ('sql', 212), ('query', 134), ('hibernate', 122)]
Predicted topic label: 28	Most frequent words: [('visual', 438), ('studio', 418), ('project', 146), ('file', 111), ('build', 63)]
Predicted topic label: 70	Most frequent words: [('mac', 130), ('bash', 111), ('script', 102), ('window', 80), ('file', 72)]
Predicted topic label: 47	Most frequent words: [('svn', 392), ('file', 187), ('subversion', 150), ('repository', 110), ('server', 70)]
Predicted topic label: 89	Most frequent words: [('drupal', 286), ('magento', 125), ('view', 92), ('field', 66), ('node', 66)]
Predicted topic label: 92	Most frequent words: [('scala', 276), ('type', 113), ('function', 90), ('haskell', 82), ('class', 77)]
Predicted topic label: 76	Most frequent words: [('linq', 235), ('hibernate', 159), ('query', 89), ('join', 85), ('using', 77)]
Predicted topic label: 56	Most frequent words: [('spring', 392), ('hibernate', 96), ('bean', 87), ('property', 55), ('using', 52)]
Predicted topic label: 21	Most frequent words: [('sharepoint', 251), ('web', 90), ('list', 85), ('site', 50), ('service', 35)]
Predicted topic label: 14	Most frequent words: [('bash', 214), ('command', 80), ('script', 78), ('line', 55), ('string', 48)]
Predicted topic label: 46	Most frequent words: [('ajax', 196), ('jquery', 58), ('using', 49), ('page', 42), ('apache', 37)]
Predicted topic label: 60	Most frequent words: [('mac', 79), ('qt', 48), ('scala', 46), ('application', 43), ('cocoa', 33)]
Predicted topic label: 96	Most frequent words: [('apache', 175), ('rewrite', 82), ('htaccess', 63), ('url', 60), ('redirect', 43)]
Predicted topic label: 23	Most frequent words: [('wordpress', 225), ('post', 107), ('page', 44), ('category', 39), ('blog', 31)]
Predicted topic label: 34	Most frequent words: [('excel', 125), ('cell', 57), ('row', 44), ('value', 39), ('column', 39)]
Predicted topic label: 17	Most frequent words: [('wordpress', 108), ('magento', 107), ('category', 77), ('product', 74), ('page', 53)]
Predicted topic label: 72	Most frequent words: [('visual', 72), ('studio', 63), ('project', 57), ('qt', 56), ('control', 46)]
Predicted topic label: 16	Most frequent words: [('linq', 73), ('scala', 54), ('hibernate', 53), ('collection', 35), ('list', 34)]
Predicted topic label: 35	Most frequent words: [('hibernate', 200), ('many', 58), ('one', 55), ('mapping', 45), ('object', 32)]
Predicted topic label: 97	Most frequent words: [('oracle', 135), ('sql', 65), ('procedure', 50), ('stored', 47), ('linq', 26)]
Predicted topic label: 33	Most frequent words: [('file', 114), ('bash', 75), ('matlab', 50), ('haskell', 38), ('line', 29)]
Predicted topic label: 24	Most frequent words: [('type', 125), ('haskell', 118), ('doe', 40), ('function', 32), ('scala', 26)]
Predicted topic label: 86	Most frequent words: [('spring', 93), ('security', 37), ('apache', 34), ('ajax', 30), ('http', 24)]
Predicted topic label: 3	Most frequent words: [('ajax', 147), ('net', 64), ('asp', 62), ('call', 25), ('jquery', 23)]
Predicted topic label: 63	Most frequent words: [('sharepoint', 69), ('site', 45), ('drupal', 39), ('wordpress', 39), ('page', 27)]
Predicted topic label: 20	Most frequent words: [('linq', 87), ('visual', 45), ('studio', 42), ('doe', 26), ('expression', 25)]
Predicted topic label: 6	Most frequent words: [('wordpress', 102), ('drupal', 29), ('plugin', 29), ('ajax', 26), ('php', 25)]
Predicted topic label: 11	Most frequent words: [('cocoa', 39), ('qt', 38), ('menu', 31), ('view', 29), ('row', 27)]
Predicted topic label: 40	Most frequent words: [('mac', 37), ('cocoa', 34), ('best', 25), ('code', 24), ('source', 23)]
Predicted topic label: 73	Most frequent words: [('excel', 74), ('file', 47), ('data', 22), ('using', 20), ('way', 16)]
Predicted topic label: 94	Most frequent words: [('ajax', 71), ('server', 24), ('side', 23), ('php', 23), ('best', 20)]
Predicted topic label: 81	Most frequent words: [('oracle', 57), ('connection', 31), ('hibernate', 30), ('error', 26), ('database', 24)]
Predicted topic label: 83	Most frequent words: [('matlab', 134), ('array', 56), ('matrix', 34), ('two', 24), ('function', 24)]
Predicted topic label: 67	Most frequent words: [('excel', 61), ('web', 30), ('server', 22), ('net', 21), ('need', 19)]
Predicted topic label: 4	Most frequent words: [('haskell', 69), ('string', 34), ('function', 22), ('oracle', 17), ('hibernate', 17)]
Predicted topic label: 5	Most frequent words: [('matlab', 97), ('image', 28), ('haskell', 23), ('array', 21), ('vector', 20)]
Predicted topic label: 78	Most frequent words: [('wordpress', 34), ('ajax', 20), ('plugin', 19), ('file', 18), ('event', 16)]
Predicted topic label: 1	Most frequent words: [('excel', 118), ('vba', 27), ('file', 23), ('formatting', 15), ('using', 15)]
Predicted topic label: 61	Most frequent words: [('sharepoint', 48), ('webpart', 21), ('net', 20), ('drupal', 15), ('server', 15)]
Predicted topic label: 66	Most frequent words: [('matlab', 143), ('plot', 30), ('function', 21), ('using', 15), ('error', 12)]
Predicted topic label: 51	Most frequent words: [('spring', 33), ('linq', 32), ('net', 25), ('data', 16), ('interface', 15)]
Predicted topic label: 19	Most frequent words: [('haskell', 62), ('problem', 21), ('good', 20), ('programming', 20), ('functional', 20)]
Predicted topic label: 22	Most frequent words: [('qt', 48), ('scala', 39), ('signal', 26), ('slot', 22), ('matlab', 19)]
Predicted topic label: 49	Most frequent words: [('qt', 33), ('window', 31), ('mac', 22), ('application', 17), ('file', 14)]
Predicted topic label: 88	Most frequent words: [('excel', 104), ('name', 25), ('file', 25), ('data', 20), ('sheet', 19)]
Predicted topic label: 52	Most frequent words: [('hibernate', 107), ('cache', 32), ('level', 23), ('spring', 17), ('annotation', 15)]
Predicted topic label: 77	Most frequent words: [('spring', 45), ('ajax', 45), ('request', 18), ('using', 17), ('apache', 15)]
Predicted topic label: 74	Most frequent words: [('bash', 60), ('script', 42), ('shell', 22), ('error', 22), ('function', 18)]
Predicted topic label: 82	Most frequent words: [('mac', 30), ('qt', 26), ('development', 22), ('subversion', 22), ('window', 21)]
Predicted topic label: 98	Most frequent words: [('svn', 69), ('subversion', 39), ('repository', 25), ('file', 18), ('code', 15)]
Predicted topic label: 38	Most frequent words: [('haskell', 53), ('list', 31), ('int', 28), ('function', 25), ('scala', 22)]
Predicted topic label: 68	Most frequent words: [('magento', 113), ('product', 57), ('checkout', 15), ('shipping', 14), ('api', 13)]
Predicted topic label: 25	Most frequent words: [('apache', 31), ('file', 26), ('access', 22), ('wordpress', 19), ('error', 15)]
Predicted topic label: 64	Most frequent words: [('qt', 45), ('window', 30), ('widget', 21), ('visual', 14), ('studio', 12)]
Predicted topic label: 31	Most frequent words: [('excel', 61), ('range', 22), ('format', 20), ('function', 19), ('vba', 19)]
Predicted topic label: 7	Most frequent words: [('spring', 51), ('hibernate', 26), ('framework', 16), ('test', 14), ('scala', 13)]
Predicted topic label: 9	Most frequent words: [('excel', 51), ('data', 30), ('file', 20), ('haskell', 20), ('macro', 13)]
Predicted topic label: 87	Most frequent words: [('bash', 44), ('file', 33), ('script', 19), ('get', 16), ('mac', 15)]
Predicted topic label: 54	Most frequent words: [('qt', 18), ('bash', 16), ('matlab', 15), ('use', 14), ('port', 12)]
Predicted topic label: 99	Most frequent words: [('qt', 24), ('ruby', 17), ('ajax', 13), ('rail', 11), ('widget', 10)]
Predicted topic label: 36	Most frequent words: [('matlab', 45), ('image', 21), ('plot', 21), ('qt', 20), ('file', 14)]
Predicted topic label: 55	Most frequent words: [('scala', 26), ('xml', 23), ('bash', 19), ('get', 11), ('element', 11)]
Predicted topic label: 2	Most frequent words: [('apache', 25), ('oracle', 23), ('doe', 13), ('memory', 13), ('connect', 10)]
Predicted topic label: 80	Most frequent words: [('excel', 52), ('column', 18), ('row', 18), ('macro', 15), ('cell', 13)]
Predicted topic label: 79	Most frequent words: [('array', 18), ('haskell', 12), ('matlab', 12), ('two', 11), ('function', 10)]
Predicted topic label: 95	Most frequent words: [('cocoa', 13), ('like', 13), ('feature', 11), ('doe', 11), ('core', 10)]
Predicted topic label: 18	Most frequent words: [('haskell', 29), ('matlab', 15), ('number', 14), ('sharepoint', 9), ('doe', 8)]
Predicted topic label: 75	Most frequent words: [('excel', 17), ('file', 15), ('time', 14), ('several', 10), ('one', 9)]
Predicted topic label: 71	Most frequent words: [('visual', 25), ('studio', 23), ('text', 11), ('mac', 10), ('class', 8)]
Predicted topic label: 8	Most frequent words: [('qt', 21), ('platform', 16), ('mac', 15), ('behavior', 11), ('font', 11)]
Predicted topic label: 13	Most frequent words: [('package', 17), ('qt', 14), ('install', 13), ('cabal', 12), ('window', 12)]
Predicted topic label: 58	Most frequent words: [('apache', 22), ('certificate', 11), ('second', 10), ('ssl', 8), ('httpd', 7)]
Predicted topic label: 15	Most frequent words: [('excel', 36), ('cell', 11), ('zero', 8), ('number', 8), ('user', 8)]
Predicted topic label: 32	Most frequent words: [('hibernate', 20), ('session', 14), ('spring', 13), ('apache', 12), ('cache', 10)]
Predicted topic label: 84	Most frequent words: [('haskell', 23), ('scala', 17), ('pattern', 15), ('matching', 13), ('string', 12)]
Predicted topic label: 44	Most frequent words: [('studio', 40), ('visual', 40), ('syntax', 10), ('highlighting', 8), ('key', 8)]
Predicted topic label: 93	Most frequent words: [('hibernate', 31), ('oracle', 25), ('using', 9), ('transaction', 9), ('spring', 8)]
Predicted topic label: 12	Most frequent words: [('view', 12), ('exactly', 8), ('matlab', 7), ('work', 7), ('oracle', 6)]
Predicted topic label: 62	Most frequent words: [('leopard', 11), ('mac', 11), ('drupal', 10), ('snow', 9), ('magento', 9)]
Predicted topic label: 30	Most frequent words: [('scala', 44), ('actor', 25), ('processing', 6), ('practice', 6), ('library', 6)]
Predicted topic label: 50	Most frequent words: [('bash', 15), ('script', 15), ('drupal', 12), ('output', 11), ('format', 9)]
Predicted topic label: 37	Most frequent words: [('visual', 41), ('studio', 37), ('javascript', 6), ('replace', 5), ('dependency', 4)]
Predicted topic label: 48	Most frequent words: [('sharepoint', 19), ('drupal', 14), ('user', 13), ('workflow', 10), ('group', 7)]
Predicted topic label: 41	Most frequent words: [('linq', 18), ('xml', 10), ('string', 8), ('ienumerable', 8), ('system', 5)]
Predicted topic label: 29	Most frequent words: [('parser', 16), ('scala', 13), ('thread', 9), ('safe', 6), ('combinator', 6)]
Predicted topic label: 91	Most frequent words: [('matlab', 10), ('memory', 9), ('message', 8), ('make', 7), ('error', 6)]
Predicted topic label: 0	Most frequent words: [('apache', 19), ('www', 6), ('rewriterule', 6), ('http', 6), ('redirect', 5)]
Predicted topic label: 90	Most frequent words: [('bash', 8), ('process', 6), ('exit', 5), ('wait', 4), ('build', 4)]
Predicted topic label: 27	Most frequent words: [('svn', 18), ('file', 9), ('directory', 8), ('copy', 7), ('backup', 7)]
Predicted topic label: 57	Most frequent words: [('spring', 11), ('part', 8), ('object', 7), ('web', 7), ('user', 6)]
Predicted topic label: 39	Most frequent words: [('key', 8), ('qwidget', 6), ('mac', 6), ('osx', 5), ('equivalent', 4)]
Predicted topic label: 85	Most frequent words: [('recursion', 8), ('mac', 5), ('primitive', 4), ('tail', 4), ('tiger', 3)]
Predicted topic label: 65	Most frequent words: [('branch', 15), ('svn', 12), ('trunk', 10), ('subversion', 5), ('tag', 5)]
Predicted topic label: 42	Most frequent words: [('apache', 8), ('package', 4), ('address', 4), ('java', 4), ('ip', 4)]
Predicted topic label: 69	Most frequent words: [('foundation', 7), ('server', 7), ('team', 6), ('oracle', 6), ('subversion', 5)]
Predicted topic label: 59	Most frequent words: [('sometimes', 6), ('drupal', 6), ('upgrade', 4), ('magento', 4), ('administrator', 4)]
Predicted topic label: 43	Most frequent words: [('matlab', 6), ('transform', 5), ('input', 5), ('qdialog', 4), ('data', 4)]
Predicted topic label: 26	Most frequent words: [('svn', 6), ('subversion', 5), ('tool', 5), ('hosted', 3), ('recommendation', 3)]
Predicted topic label: 53	Most frequent words: [('scala', 5), ('become', 3), ('exception', 2), ('invalid', 2), ('package', 2)]
Predicted number of documents per topic for most populated clusters: [1837 1613 1594 1237 1018  933  909  830  638  633  525  513  496  471
  416  380  366  351  346  325  322  314  288  254  225  217  213  200
  194  191  160  141  139  139  138  130  123  112  103   92   91   84
   72   71   65   64   57   54   46   39   36   33   32   31   30   29
   18   13    6    3    0    0    0    0]
Predicted topic labels with highest numbers of documents: [87 96 65 55 92  7 85 57 64 99 73 12 37 86 27 79 98 13 28 91 18 43 46 70
  4 72 40 17 36 62 32 97 33 48 35 58 45 11 56  3 66 34 30  8 59 75 52 83
  0 42 16 29 63 51 38 19 69 78 39 80  6 14 81 82]
Predicted topic label: 87	Most frequent words: [('sharepoint', 461), ('ajax', 188), ('web', 170), ('page', 169), ('drupal', 168)]
Predicted topic label: 96	Most frequent words: [('linq', 632), ('hibernate', 276), ('oracle', 261), ('query', 261), ('sql', 230)]
Predicted topic label: 65	Most frequent words: [('visual', 587), ('studio', 556), ('file', 222), ('project', 185), ('qt', 155)]
Predicted topic label: 55	Most frequent words: [('excel', 326), ('matlab', 177), ('haskell', 127), ('cell', 107), ('string', 102)]
Predicted topic label: 92	Most frequent words: [('drupal', 492), ('view', 132), ('node', 127), ('form', 124), ('field', 95)]
Predicted topic label: 7	Most frequent words: [('magento', 375), ('wordpress', 363), ('product', 170), ('post', 148), ('category', 147)]
Predicted topic label: 85	Most frequent words: [('bash', 489), ('script', 230), ('file', 164), ('command', 128), ('line', 94)]
Predicted topic label: 57	Most frequent words: [('scala', 295), ('type', 158), ('haskell', 139), ('function', 113), ('class', 102)]
Predicted topic label: 64	Most frequent words: [('spring', 435), ('bean', 99), ('hibernate', 66), ('property', 59), ('using', 57)]
Predicted topic label: 99	Most frequent words: [('ajax', 349), ('jquery', 91), ('request', 65), ('using', 58), ('php', 49)]
Predicted topic label: 73	Most frequent words: [('mac', 77), ('haskell', 72), ('scala', 59), ('development', 45), ('programming', 39)]
Predicted topic label: 12	Most frequent words: [('svn', 276), ('file', 101), ('repository', 86), ('subversion', 72), ('directory', 53)]
Predicted topic label: 37	Most frequent words: [('spring', 220), ('hibernate', 210), ('object', 53), ('session', 49), ('using', 41)]
Predicted topic label: 86	Most frequent words: [('excel', 295), ('file', 127), ('matlab', 62), ('data', 62), ('net', 44)]
Predicted topic label: 27	Most frequent words: [('apache', 136), ('server', 65), ('file', 37), ('mac', 35), ('directory', 31)]
Predicted topic label: 79	Most frequent words: [('apache', 165), ('rewrite', 84), ('url', 76), ('htaccess', 72), ('redirect', 57)]
Predicted topic label: 98	Most frequent words: [('oracle', 151), ('sql', 63), ('database', 34), ('hibernate', 34), ('connection', 32)]
Predicted topic label: 13	Most frequent words: [('file', 87), ('svn', 69), ('subversion', 54), ('scala', 39), ('cocoa', 32)]
Predicted topic label: 28	Most frequent words: [('mac', 125), ('cocoa', 43), ('qt', 40), ('osx', 38), ('application', 36)]
Predicted topic label: 91	Most frequent words: [('web', 46), ('sharepoint', 43), ('best', 41), ('excel', 39), ('oracle', 30)]
Predicted topic label: 18	Most frequent words: [('qt', 94), ('mac', 43), ('apache', 35), ('window', 30), ('error', 30)]
Predicted topic label: 43	Most frequent words: [('qt', 80), ('cocoa', 43), ('window', 27), ('event', 27), ('widget', 25)]
Predicted topic label: 46	Most frequent words: [('magento', 183), ('wordpress', 49), ('product', 37), ('custom', 30), ('checkout', 28)]
Predicted topic label: 70	Most frequent words: [('scala', 123), ('actor', 40), ('error', 38), ('haskell', 37), ('class', 22)]
Predicted topic label: 4	Most frequent words: [('hibernate', 157), ('many', 68), ('one', 54), ('table', 41), ('mapping', 35)]
Predicted topic label: 72	Most frequent words: [('matlab', 163), ('plot', 36), ('array', 27), ('matrix', 26), ('vector', 25)]
Predicted topic label: 40	Most frequent words: [('matlab', 47), ('excel', 47), ('haskell', 35), ('function', 30), ('value', 24)]
Predicted topic label: 17	Most frequent words: [('visual', 114), ('studio', 105), ('project', 21), ('edition', 13), ('file', 12)]
Predicted topic label: 36	Most frequent words: [('spring', 56), ('linq', 31), ('framework', 27), ('oracle', 25), ('use', 20)]
Predicted topic label: 62	Most frequent words: [('oracle', 99), ('sql', 57), ('linq', 39), ('stored', 33), ('procedure', 31)]
Predicted topic label: 32	Most frequent words: [('haskell', 93), ('type', 44), ('function', 29), ('scala', 23), ('monad', 12)]
Predicted topic label: 97	Most frequent words: [('window', 34), ('qt', 23), ('mac', 17), ('show', 13), ('osx', 13)]
Predicted topic label: 33	Most frequent words: [('ajax', 92), ('net', 32), ('asp', 31), ('call', 20), ('jquery', 19)]
Predicted topic label: 48	Most frequent words: [('svn', 80), ('subversion', 46), ('branch', 38), ('merge', 21), ('trunk', 20)]
Predicted topic label: 35	Most frequent words: [('mac', 26), ('scala', 22), ('application', 20), ('create', 18), ('way', 16)]
Predicted topic label: 58	Most frequent words: [('haskell', 41), ('int', 26), ('scala', 25), ('list', 22), ('type', 18)]
Predicted topic label: 45	Most frequent words: [('hibernate', 58), ('key', 31), ('cache', 27), ('level', 23), ('second', 15)]
Predicted topic label: 11	Most frequent words: [('apache', 69), ('proxy', 14), ('http', 14), ('basic', 13), ('log', 12)]
Predicted topic label: 56	Most frequent words: [('qt', 29), ('cocoa', 20), ('way', 10), ('text', 10), ('best', 8)]
Predicted topic label: 3	Most frequent words: [('scala', 34), ('doe', 15), ('haskell', 13), ('library', 9), ('actor', 9)]
Predicted topic label: 66	Most frequent words: [('matlab', 52), ('image', 23), ('vector', 10), ('processing', 8), ('using', 7)]
Predicted topic label: 34	Most frequent words: [('hibernate', 65), ('mapping', 19), ('annotation', 11), ('class', 8), ('auto', 8)]
Predicted topic label: 30	Most frequent words: [('menu', 26), ('drupal', 14), ('right', 10), ('item', 9), ('qt', 9)]
Predicted topic label: 8	Most frequent words: [('wordpress', 48), ('plugin', 10), ('theme', 9), ('post', 9), ('blog', 9)]
Predicted topic label: 59	Most frequent words: [('haskell', 27), ('matching', 13), ('pattern', 13), ('recursion', 9), ('code', 9)]
Predicted topic label: 75	Most frequent words: [('matlab', 26), ('haskell', 13), ('function', 8), ('sequence', 7), ('number', 7)]
Predicted topic label: 52	Most frequent words: [('type', 18), ('scala', 17), ('haskell', 16), ('data', 9), ('example', 7)]
Predicted topic label: 83	Most frequent words: [('matlab', 18), ('plot', 9), ('bash', 8), ('color', 7), ('set', 6)]
Predicted topic label: 0	Most frequent words: [('svn', 19), ('commit', 10), ('subversion', 9), ('copy', 8), ('file', 8)]
Predicted topic label: 42	Most frequent words: [('row', 16), ('view', 14), ('outline', 11), ('make', 9), ('would', 7)]
Predicted topic label: 16	Most frequent words: [('qt', 18), ('signal', 17), ('slot', 11), ('gui', 7), ('connect', 6)]
Predicted topic label: 29	Most frequent words: [('oracle', 19), ('jdbc', 10), ('connection', 9), ('driver', 6), ('application', 4)]
Predicted topic label: 63	Most frequent words: [('os', 10), ('oracle', 7), ('code', 4), ('found', 4), ('name', 4)]
Predicted topic label: 51	Most frequent words: [('qt', 13), ('widget', 8), ('sharepoint', 6), ('non', 3), ('style', 3)]
Predicted topic label: 38	Most frequent words: [('magento', 19), ('product', 11), ('pricing', 4), ('api', 4), ('configurable', 4)]
Predicted topic label: 19	Most frequent words: [('unicode', 6), ('function', 5), ('scala', 5), ('cocoa', 4), ('character', 4)]
Predicted topic label: 69	Most frequent words: [('cocoa', 9), ('object', 4), ('datetime', 4), ('moss', 2), ('open', 2)]
Predicted topic label: 78	Most frequent words: [('combinator', 6), ('parser', 6), ('scala', 2), ('sharepoint', 2), ('zygo', 1)]
Predicted topic label: 39	Most frequent words: [('bracket', 5), ('free', 2), ('remove', 2), ('double', 2), ('curly', 2)]
Predicted topic label: 80	Most frequent words: [('view', 2), ('os', 2), ('privilege', 2), ('insufficient', 2), ('creating', 1)]
Predicted topic label: 6	Most frequent words: [('gift', 0), ('wrapper', 0), ('projection', 0), ('iterators', 0), ('builtin', 0)]
Predicted topic label: 14	Most frequent words: [('gift', 0), ('wrapper', 0), ('projection', 0), ('iterators', 0), ('builtin', 0)]
Predicted topic label: 81	Most frequent words: [('gift', 0), ('wrapper', 0), ('projection', 0), ('iterators', 0), ('builtin', 0)]
Predicted topic label: 82	Most frequent words: [('gift', 0), ('wrapper', 0), ('projection', 0), ('iterators', 0), ('builtin', 0)]
Predicted number of documents per topic for most populated clusters: [1946 1896 1412 1273 1257 1246 1215 1096 1020  937  935  875  794  780
  776  660  591  440  374  204  190   60   13    4    2    1]
Predicted topic labels with highest numbers of documents: [24 33  1 93 30 82 84 31 53 76 81 89 17 71 73 14 41 20 78 10 51 65 47 92
 67 58]
Predicted topic label: 24	Most frequent words: [('ajax', 622), ('sharepoint', 266), ('apache', 178), ('web', 174), ('using', 163)]
Predicted topic label: 33	Most frequent words: [('wordpress', 746), ('drupal', 536), ('page', 250), ('post', 201), ('custom', 123)]
Predicted topic label: 1	Most frequent words: [('scala', 503), ('haskell', 332), ('type', 247), ('function', 170), ('class', 125)]
Predicted topic label: 93	Most frequent words: [('excel', 665), ('file', 219), ('matlab', 124), ('cell', 120), ('vba', 116)]
Predicted topic label: 30	Most frequent words: [('linq', 488), ('oracle', 180), ('query', 170), ('sql', 160), ('table', 126)]
Predicted topic label: 82	Most frequent words: [('svn', 558), ('file', 278), ('subversion', 236), ('repository', 146), ('directory', 115)]
Predicted topic label: 84	Most frequent words: [('visual', 694), ('studio', 653), ('project', 184), ('file', 161), ('solution', 78)]
Predicted topic label: 31	Most frequent words: [('hibernate', 650), ('linq', 119), ('table', 91), ('object', 90), ('many', 85)]
Predicted topic label: 53	Most frequent words: [('magento', 649), ('product', 224), ('sharepoint', 94), ('page', 88), ('custom', 81)]
Predicted topic label: 76	Most frequent words: [('bash', 515), ('script', 200), ('file', 174), ('command', 128), ('line', 105)]
Predicted topic label: 81	Most frequent words: [('sharepoint', 106), ('application', 106), ('best', 104), ('web', 97), ('mac', 79)]
Predicted topic label: 89	Most frequent words: [('qt', 171), ('cocoa', 114), ('window', 75), ('mac', 55), ('custom', 54)]
Predicted topic label: 17	Most frequent words: [('qt', 254), ('mac', 152), ('window', 115), ('application', 89), ('cocoa', 66)]
Predicted topic label: 71	Most frequent words: [('spring', 516), ('hibernate', 120), ('bean', 110), ('using', 70), ('property', 61)]
Predicted topic label: 73	Most frequent words: [('oracle', 380), ('sql', 197), ('linq', 91), ('procedure', 70), ('using', 62)]
Predicted topic label: 14	Most frequent words: [('mac', 133), ('bash', 53), ('osx', 51), ('apache', 51), ('script', 51)]
Predicted topic label: 41	Most frequent words: [('matlab', 401), ('matrix', 74), ('array', 73), ('image', 57), ('plot', 54)]
Predicted topic label: 20	Most frequent words: [('apache', 217), ('rewrite', 91), ('htaccess', 72), ('url', 64), ('redirect', 45)]
Predicted topic label: 78	Most frequent words: [('haskell', 72), ('scala', 64), ('linq', 47), ('expression', 43), ('data', 32)]
Predicted topic label: 10	Most frequent words: [('haskell', 78), ('matlab', 44), ('function', 20), ('problem', 16), ('code', 16)]
Predicted topic label: 51	Most frequent words: [('drupal', 99), ('view', 60), ('node', 27), ('filter', 18), ('module', 16)]
Predicted topic label: 65	Most frequent words: [('apache', 31), ('memory', 9), ('directive', 6), ('cause', 5), ('error', 4)]
Predicted topic label: 47	Most frequent words: [('language', 3), ('haskell', 3), ('programming', 2), ('specification', 2), ('functional', 2)]
Predicted topic label: 92	Most frequent words: [('stringstream', 1), ('futu', 1), ('vstudio', 1), ('manipulator', 1), ('para', 1)]
Predicted topic label: 67	Most frequent words: [('bracket', 2), ('apersand', 1), ('terminal', 1), ('quaqua', 1), ('laf', 1)]
Predicted topic label: 58	Most frequent words: [('ccitt', 1), ('cgimage', 1), ('producing', 1), ('tiff', 1), ('compressed', 1)]
Predicted number of documents per topic for most populated clusters: [3706 3444 2489 2262 2148 1847 1296 1173  834  567  185   44    1    1
    1    1    1    0    0    0]
Predicted topic labels with highest numbers of documents: [ 2 80 30 20 63  0 14 62 31 45  7 93  4 69  6 74 29 35  3  1]
Predicted topic label: 2	Most frequent words: [('wordpress', 783), ('drupal', 771), ('sharepoint', 567), ('page', 382), ('magento', 379)]
Predicted topic label: 80	Most frequent words: [('haskell', 617), ('scala', 588), ('matlab', 571), ('bash', 502), ('function', 317)]
Predicted topic label: 30	Most frequent words: [('visual', 724), ('studio', 686), ('qt', 273), ('mac', 228), ('project', 226)]
Predicted topic label: 20	Most frequent words: [('svn', 548), ('apache', 514), ('file', 375), ('subversion', 244), ('server', 174)]
Predicted topic label: 63	Most frequent words: [('excel', 789), ('oracle', 546), ('sql', 204), ('file', 163), ('data', 162)]
Predicted topic label: 0	Most frequent words: [('linq', 680), ('hibernate', 611), ('query', 267), ('sql', 189), ('using', 162)]
Predicted topic label: 14	Most frequent words: [('spring', 714), ('hibernate', 246), ('bean', 118), ('using', 102), ('scala', 71)]
Predicted topic label: 62	Most frequent words: [('qt', 245), ('mac', 208), ('cocoa', 139), ('window', 134), ('osx', 85)]
Predicted topic label: 31	Most frequent words: [('ajax', 507), ('jquery', 97), ('request', 81), ('using', 71), ('net', 67)]
Predicted topic label: 45	Most frequent words: [('magento', 416), ('product', 199), ('attribute', 50), ('get', 43), ('order', 40)]
Predicted topic label: 7	Most frequent words: [('matlab', 108), ('plot', 32), ('image', 27), ('using', 11), ('draw', 10)]
Predicted topic label: 93	Most frequent words: [('hibernate', 4), ('scala', 4), ('monad', 4), ('spring', 4), ('transformer', 3)]
Predicted topic label: 4	Most frequent words: [('callcc', 1), ('confusion', 1), ('contt', 1), ('migratiion', 0), ('product', 0)]
Predicted topic label: 69	Most frequent words: [('viewdidload', 1), ('convention', 1), ('super', 1), ('gift', 0), ('developed', 0)]
Predicted topic label: 6	Most frequent words: [('cube', 1), ('olap', 1), ('loop', 1), ('pagefield', 1), ('pivottable', 1)]
Predicted topic label: 74	Most frequent words: [('preserve', 1), ('colouring', 1), ('gift', 0), ('wrapper', 0), ('iterators', 0)]
Predicted topic label: 29	Most frequent words: [('transform', 1), ('fourier', 1), ('inverse', 1), ('spike', 1), ('gift', 0)]
Predicted topic label: 35	Most frequent words: [('gift', 0), ('wrapper', 0), ('projection', 0), ('iterators', 0), ('builtin', 0)]
Predicted topic label: 3	Most frequent words: [('gift', 0), ('wrapper', 0), ('projection', 0), ('iterators', 0), ('builtin', 0)]
Predicted topic label: 1	Most frequent words: [('gift', 0), ('wrapper', 0), ('projection', 0), ('iterators', 0), ('builtin', 0)]
Predicted number of documents per topic for most populated clusters: [6037 5265 3382 2466 2270  529   45    1    1    1    1    1    1]
Predicted topic labels with highest numbers of documents: [58 54 23  4 50 29 99 33 16 62 21 68 83]
Predicted topic label: 58	Most frequent words: [('visual', 720), ('matlab', 712), ('excel', 688), ('studio', 679), ('file', 556)]
Predicted topic label: 54	Most frequent words: [('magento', 857), ('wordpress', 842), ('drupal', 801), ('ajax', 662), ('sharepoint', 607)]
Predicted topic label: 23	Most frequent words: [('linq', 816), ('oracle', 625), ('hibernate', 412), ('sql', 379), ('query', 319)]
Predicted topic label: 4	Most frequent words: [('spring', 691), ('scala', 229), ('application', 180), ('mac', 177), ('hibernate', 172)]
Predicted topic label: 50	Most frequent words: [('svn', 592), ('apache', 401), ('file', 378), ('bash', 274), ('subversion', 264)]
Predicted topic label: 29	Most frequent words: [('hibernate', 340), ('many', 64), ('mapping', 61), ('one', 58), ('cache', 43)]
Predicted topic label: 99	Most frequent words: [('item', 6), ('origin', 4), ('cocoa', 4), ('left', 3), ('dialog', 3)]
Predicted topic label: 33	Most frequent words: [('nsopenglview', 1), ('refreshed', 1), ('mousedragged', 1), ('mouseup', 1), ('escaped', 0)]
Predicted topic label: 16	Most frequent words: [('encoding', 1), ('cgpoint', 1), ('struct', 1), ('nscoder', 1), ('gift', 0)]
Predicted topic label: 62	Most frequent words: [('plotting', 1), ('matworks', 1), ('logo', 1), ('heartshape', 1), ('regexp', 0)]
Predicted topic label: 21	Most frequent words: [('explanation', 1), ('tying', 1), ('knot', 1), ('gift', 0), ('nullable', 0)]
Predicted topic label: 68	Most frequent words: [('difference', 1), ('tforminv', 1), ('tformfwd', 1), ('gift', 0), ('iterators', 0)]
Predicted topic label: 83	Most frequent words: [('formula', 1), ('smoothing', 1), ('charttype', 1), ('gift', 0), ('kdelibs', 0)]
