Number of documents per topic in true clusters: [1000, 1000, 1000, 1000, 1000, 1000, 1000, 1000, 1000, 1000, 1000, 1000, 1000, 1000, 1000, 1000, 1000, 1000, 1000, 1000]
True topic label: 0	Most frequent words: [('wordpress', 868), ('post', 189), ('page', 134), ('category', 88), ('plugin', 71)]
True topic label: 1	Most frequent words: [('oracle', 747), ('sql', 179), ('table', 104), ('query', 72), ('database', 68)]
True topic label: 2	Most frequent words: [('svn', 601), ('subversion', 283), ('file', 178), ('repository', 147), ('directory', 64)]
True topic label: 3	Most frequent words: [('apache', 595), ('file', 92), ('htaccess', 88), ('server', 87), ('rewrite', 87)]
True topic label: 4	Most frequent words: [('excel', 853), ('vba', 144), ('cell', 111), ('file', 108), ('data', 80)]
True topic label: 5	Most frequent words: [('matlab', 818), ('function', 91), ('matrix', 84), ('array', 75), ('using', 71)]
True topic label: 6	Most frequent words: [('visual', 677), ('studio', 641), ('project', 140), ('file', 116), ('solution', 73)]
True topic label: 7	Most frequent words: [('cocoa', 306), ('application', 46), ('window', 45), ('app', 43), ('using', 43)]
True topic label: 8	Most frequent words: [('mac', 433), ('osx', 141), ('file', 76), ('application', 72), ('window', 57)]
True topic label: 9	Most frequent words: [('bash', 663), ('script', 237), ('file', 199), ('command', 120), ('variable', 77)]
True topic label: 10	Most frequent words: [('spring', 800), ('bean', 116), ('using', 91), ('hibernate', 68), ('mvc', 65)]
True topic label: 11	Most frequent words: [('hibernate', 853), ('query', 93), ('mapping', 82), ('using', 74), ('table', 69)]
True topic label: 12	Most frequent words: [('scala', 780), ('type', 104), ('java', 81), ('class', 71), ('actor', 58)]
True topic label: 13	Most frequent words: [('sharepoint', 739), ('list', 138), ('web', 122), ('site', 93), ('custom', 71)]
True topic label: 14	Most frequent words: [('ajax', 733), ('jquery', 111), ('using', 82), ('javascript', 69), ('call', 69)]
True topic label: 15	Most frequent words: [('qt', 617), ('window', 78), ('widget', 62), ('application', 61), ('using', 54)]
True topic label: 16	Most frequent words: [('drupal', 836), ('view', 131), ('node', 130), ('form', 83), ('page', 83)]
True topic label: 17	Most frequent words: [('linq', 856), ('sql', 159), ('query', 145), ('using', 105), ('object', 68)]
True topic label: 18	Most frequent words: [('haskell', 703), ('type', 144), ('function', 116), ('list', 91), ('using', 45)]
True topic label: 19	Most frequent words: [('magento', 873), ('product', 216), ('page', 78), ('custom', 70), ('category', 65)]
Predicted number of documents per topic for most populated clusters: [824 776 760 677 663 606 581 578 570 512 483 471 470 448 402 385 383 381
 360 334 333 293 292 288 281 269 269 263 263 238 228 203 202 196 194 174
 174 174 172 168 167 166 159 158 156 156 152 128 127 111 108 106 106 103
 101 100  99  98  96  96  95  95  93  92  90  90  88  86  84  83  81  81
  80  76  74  70  70  63  61  58  58  57  57  55  48  47  32  29  27  26
  23  21  17  15  13  13  12   6   3   0]
Predicted topic labels with highest numbers of documents: [45  2 16 12 84 88 47 98 65 70 35 93 18 76 72 73 39 24 37 42 17 27 19 74
 31 13 28 59 67  0 15 26 85 80 97 41 66 94 69 48 51 20  8 43 71  1 89 40
 64 55 54 21  7 38  6 30 56 86 22 49 79  4 81 90 50 61 78 25 92 91 52 58
 14 60 11 99 29 32 33  9 44 34 68  5 10 95 36 62 23 63 87 82 46 83 75 77
 53 96 57  3]
Predicted topic label: 45	Most frequent words: [('hibernate', 434), ('linq', 137), ('query', 83), ('many', 81), ('table', 73)]
Predicted topic label: 2	Most frequent words: [('linq', 406), ('sql', 160), ('query', 156), ('oracle', 138), ('using', 92)]
Predicted topic label: 16	Most frequent words: [('excel', 545), ('file', 110), ('cell', 106), ('vba', 94), ('data', 76)]
Predicted topic label: 12	Most frequent words: [('svn', 354), ('subversion', 176), ('file', 124), ('repository', 110), ('directory', 61)]
Predicted topic label: 84	Most frequent words: [('drupal', 286), ('wordpress', 116), ('page', 89), ('custom', 87), ('form', 79)]
Predicted topic label: 88	Most frequent words: [('bash', 295), ('script', 112), ('file', 110), ('line', 90), ('string', 83)]
Predicted topic label: 47	Most frequent words: [('magento', 447), ('product', 200), ('page', 59), ('custom', 55), ('attribute', 54)]
Predicted topic label: 98	Most frequent words: [('spring', 398), ('hibernate', 123), ('bean', 74), ('using', 55), ('property', 47)]
Predicted topic label: 65	Most frequent words: [('haskell', 228), ('type', 222), ('scala', 143), ('function', 108), ('list', 57)]
Predicted topic label: 70	Most frequent words: [('sharepoint', 183), ('site', 92), ('web', 72), ('page', 64), ('drupal', 56)]
Predicted topic label: 35	Most frequent words: [('apache', 142), ('url', 70), ('wordpress', 64), ('file', 59), ('user', 54)]
Predicted topic label: 93	Most frequent words: [('oracle', 115), ('hibernate', 101), ('linq', 98), ('sql', 86), ('database', 61)]
Predicted topic label: 18	Most frequent words: [('ajax', 221), ('wordpress', 93), ('jquery', 66), ('php', 50), ('page', 48)]
Predicted topic label: 76	Most frequent words: [('visual', 312), ('studio', 292), ('project', 42), ('qt', 36), ('code', 35)]
Predicted topic label: 72	Most frequent words: [('mac', 107), ('application', 51), ('development', 49), ('best', 40), ('web', 33)]
Predicted topic label: 73	Most frequent words: [('bash', 127), ('script', 88), ('command', 60), ('mac', 53), ('run', 42)]
Predicted topic label: 39	Most frequent words: [('wordpress', 268), ('post', 133), ('category', 75), ('page', 70), ('link', 31)]
Predicted topic label: 24	Most frequent words: [('file', 111), ('visual', 96), ('studio', 90), ('project', 61), ('svn', 47)]
Predicted topic label: 37	Most frequent words: [('svn', 88), ('file', 83), ('oracle', 80), ('excel', 30), ('table', 28)]
Predicted topic label: 42	Most frequent words: [('scala', 123), ('class', 60), ('object', 40), ('haskell', 38), ('matlab', 36)]
Predicted topic label: 17	Most frequent words: [('drupal', 178), ('view', 108), ('field', 43), ('node', 39), ('item', 32)]
Predicted topic label: 27	Most frequent words: [('apache', 126), ('rewrite', 56), ('htaccess', 46), ('file', 31), ('problem', 27)]
Predicted topic label: 19	Most frequent words: [('ajax', 55), ('spring', 35), ('magento', 30), ('cocoa', 24), ('using', 20)]
Predicted topic label: 74	Most frequent words: [('matlab', 191), ('array', 73), ('matrix', 51), ('vector', 32), ('value', 23)]
Predicted topic label: 31	Most frequent words: [('spring', 124), ('web', 42), ('application', 41), ('hibernate', 34), ('xml', 31)]
Predicted topic label: 13	Most frequent words: [('drupal', 42), ('qt', 41), ('ajax', 28), ('web', 23), ('sharepoint', 21)]
Predicted topic label: 28	Most frequent words: [('qt', 136), ('window', 48), ('mac', 35), ('library', 30), ('application', 29)]
Predicted topic label: 59	Most frequent words: [('sharepoint', 161), ('document', 51), ('list', 50), ('service', 41), ('web', 40)]
Predicted topic label: 67	Most frequent words: [('ajax', 162), ('net', 34), ('asp', 32), ('request', 32), ('jquery', 30)]
Predicted topic label: 0	Most frequent words: [('apache', 69), ('ajax', 48), ('server', 42), ('request', 27), ('http', 25)]
Predicted topic label: 15	Most frequent words: [('visual', 106), ('studio', 99), ('build', 34), ('project', 31), ('file', 25)]
Predicted topic label: 26	Most frequent words: [('mac', 32), ('server', 28), ('install', 27), ('package', 20), ('magento', 19)]
Predicted topic label: 85	Most frequent words: [('matlab', 21), ('apache', 20), ('sharepoint', 20), ('wordpress', 19), ('field', 17)]
Predicted topic label: 80	Most frequent words: [('value', 47), ('column', 44), ('excel', 41), ('list', 39), ('table', 27)]
Predicted topic label: 97	Most frequent words: [('file', 43), ('function', 35), ('matlab', 33), ('haskell', 31), ('bash', 24)]
Predicted topic label: 41	Most frequent words: [('ajax', 43), ('sharepoint', 23), ('control', 18), ('web', 17), ('cocoa', 17)]
Predicted topic label: 66	Most frequent words: [('mac', 47), ('osx', 29), ('cocoa', 23), ('application', 18), ('leopard', 16)]
Predicted topic label: 94	Most frequent words: [('oracle', 71), ('connection', 31), ('hibernate', 21), ('doe', 17), ('data', 17)]
Predicted topic label: 69	Most frequent words: [('qt', 34), ('window', 34), ('cocoa', 29), ('dialog', 18), ('interface', 15)]
Predicted topic label: 48	Most frequent words: [('scala', 115), ('java', 39), ('list', 22), ('map', 21), ('actor', 17)]
Predicted topic label: 51	Most frequent words: [('apache', 57), ('server', 35), ('use', 20), ('scala', 12), ('connect', 11)]
Predicted topic label: 20	Most frequent words: [('scala', 38), ('spring', 30), ('bean', 25), ('hibernate', 25), ('object', 20)]
Predicted topic label: 8	Most frequent words: [('oracle', 34), ('linq', 31), ('hibernate', 26), ('sql', 17), ('spring', 16)]
Predicted topic label: 43	Most frequent words: [('application', 24), ('cocoa', 21), ('error', 18), ('file', 18), ('mac', 17)]
Predicted topic label: 71	Most frequent words: [('matlab', 44), ('memory', 16), ('image', 14), ('cocoa', 13), ('bash', 13)]
Predicted topic label: 1	Most frequent words: [('matlab', 37), ('qt', 27), ('cocoa', 17), ('data', 16), ('way', 13)]
Predicted topic label: 89	Most frequent words: [('excel', 38), ('linq', 26), ('sql', 25), ('oracle', 24), ('range', 18)]
Predicted topic label: 40	Most frequent words: [('wordpress', 49), ('drupal', 28), ('magento', 27), ('template', 14), ('blog', 13)]
Predicted topic label: 64	Most frequent words: [('haskell', 45), ('matlab', 27), ('scala', 22), ('function', 21), ('list', 12)]
Predicted topic label: 55	Most frequent words: [('code', 22), ('svn', 16), ('file', 14), ('haskell', 12), ('doe', 10)]
Predicted topic label: 54	Most frequent words: [('ajax', 37), ('spring', 19), ('using', 15), ('application', 13), ('good', 11)]
Predicted topic label: 21	Most frequent words: [('qt', 24), ('apache', 14), ('thread', 13), ('signal', 11), ('python', 9)]
Predicted topic label: 7	Most frequent words: [('scala', 24), ('spring', 24), ('oracle', 15), ('dependency', 14), ('actor', 11)]
Predicted topic label: 38	Most frequent words: [('haskell', 14), ('sharepoint', 11), ('number', 11), ('function', 11), ('bash', 10)]
Predicted topic label: 6	Most frequent words: [('qt', 26), ('widget', 20), ('wordpress', 19), ('magento', 19), ('image', 16)]
Predicted topic label: 30	Most frequent words: [('visual', 60), ('studio', 60), ('project', 16), ('use', 16), ('solution', 14)]
Predicted topic label: 56	Most frequent words: [('oracle', 30), ('scala', 19), ('xml', 17), ('table', 16), ('user', 14)]
Predicted topic label: 86	Most frequent words: [('matlab', 62), ('plot', 15), ('using', 9), ('problem', 8), ('variable', 8)]
Predicted topic label: 22	Most frequent words: [('haskell', 31), ('scala', 18), ('use', 15), ('function', 12), ('functional', 11)]
Predicted topic label: 49	Most frequent words: [('linq', 25), ('value', 13), ('using', 12), ('query', 12), ('get', 12)]
Predicted topic label: 79	Most frequent words: [('wordpress', 35), ('magento', 23), ('theme', 10), ('default', 9), ('drupal', 9)]
Predicted topic label: 4	Most frequent words: [('matlab', 23), ('image', 23), ('file', 21), ('qt', 19), ('loading', 10)]
Predicted topic label: 81	Most frequent words: [('apache', 26), ('leopard', 23), ('mac', 19), ('snow', 16), ('error', 15)]
Predicted topic label: 90	Most frequent words: [('sharepoint', 33), ('multiple', 19), ('visual', 19), ('studio', 17), ('net', 13)]
Predicted topic label: 50	Most frequent words: [('hibernate', 52), ('cache', 29), ('level', 21), ('second', 14), ('query', 12)]
Predicted topic label: 61	Most frequent words: [('matlab', 19), ('text', 11), ('mac', 8), ('left', 8), ('cocoa', 8)]
Predicted topic label: 78	Most frequent words: [('haskell', 27), ('programming', 22), ('scala', 18), ('matlab', 10), ('qt', 9)]
Predicted topic label: 25	Most frequent words: [('qt', 23), ('window', 20), ('osx', 16), ('mac', 11), ('mobile', 8)]
Predicted topic label: 92	Most frequent words: [('file', 20), ('application', 20), ('mac', 16), ('window', 13), ('script', 10)]
Predicted topic label: 91	Most frequent words: [('qt', 20), ('signal', 18), ('slot', 16), ('cocoa', 15), ('haskell', 13)]
Predicted topic label: 52	Most frequent words: [('matlab', 34), ('magento', 28), ('image', 21), ('product', 13), ('plot', 11)]
Predicted topic label: 58	Most frequent words: [('visual', 35), ('studio', 34), ('add', 9), ('tip', 9), ('subversion', 8)]
Predicted topic label: 14	Most frequent words: [('doe', 19), ('work', 16), ('spring', 14), ('scala', 12), ('ajax', 10)]
Predicted topic label: 60	Most frequent words: [('bash', 28), ('script', 11), ('statement', 9), ('expression', 8), ('error', 8)]
Predicted topic label: 11	Most frequent words: [('haskell', 17), ('excel', 16), ('doe', 9), ('scala', 8), ('button', 8)]
Predicted topic label: 99	Most frequent words: [('magento', 33), ('event', 8), ('product', 8), ('best', 8), ('get', 7)]
Predicted topic label: 29	Most frequent words: [('bash', 15), ('stdout', 15), ('stderr', 14), ('apache', 14), ('redirect', 10)]
Predicted topic label: 32	Most frequent words: [('wordpress', 39), ('tag', 19), ('post', 16), ('category', 12), ('comment', 7)]
Predicted topic label: 33	Most frequent words: [('sharepoint', 15), ('scala', 12), ('doe', 6), ('limit', 6), ('oracle', 5)]
Predicted topic label: 9	Most frequent words: [('linq', 19), ('xml', 10), ('doe', 9), ('sharepoint', 6), ('document', 5)]
Predicted topic label: 44	Most frequent words: [('oracle', 27), ('stored', 15), ('procedure', 14), ('sequence', 8), ('java', 7)]
Predicted topic label: 34	Most frequent words: [('spring', 26), ('security', 16), ('mvc', 11), ('drupal', 7), ('scala', 6)]
Predicted topic label: 68	Most frequent words: [('haskell', 27), ('using', 10), ('list', 9), ('parsec', 9), ('element', 6)]
Predicted topic label: 5	Most frequent words: [('bash', 18), ('cursor', 8), ('key', 8), ('command', 7), ('shell', 6)]
Predicted topic label: 10	Most frequent words: [('function', 16), ('oracle', 11), ('matlab', 9), ('sql', 8), ('file', 6)]
Predicted topic label: 95	Most frequent words: [('commit', 13), ('svn', 12), ('hook', 10), ('apache', 8), ('pre', 7)]
Predicted topic label: 36	Most frequent words: [('rewrite', 18), ('apache', 14), ('mod', 12), ('url', 6), ('character', 5)]
Predicted topic label: 62	Most frequent words: [('ruby', 9), ('rail', 9), ('excel', 5), ('injection', 4), ('framework', 4)]
Predicted topic label: 23	Most frequent words: [('found', 8), ('path', 8), ('error', 6), ('image', 5), ('mac', 5)]
Predicted topic label: 63	Most frequent words: [('mac', 10), ('drag', 8), ('drop', 6), ('dmg', 5), ('file', 5)]
Predicted topic label: 87	Most frequent words: [('wordpress', 11), ('page', 5), ('url', 5), ('search', 5), ('excel', 4)]
Predicted topic label: 82	Most frequent words: [('magento', 6), ('put', 5), ('file', 5), ('xml', 4), ('writing', 3)]
Predicted topic label: 46	Most frequent words: [('magento', 6), ('tax', 5), ('rate', 5), ('top', 4), ('based', 3)]
Predicted topic label: 83	Most frequent words: [('mac', 4), ('window', 3), ('exe', 3), ('setup', 3), ('drive', 3)]
Predicted topic label: 75	Most frequent words: [('warning', 4), ('express', 4), ('edition', 4), ('oracle', 3), ('server', 2)]
Predicted topic label: 77	Most frequent words: [('bash', 6), ('non', 3), ('filename', 3), ('date', 3), ('hold', 2)]
Predicted topic label: 53	Most frequent words: [('scrolling', 3), ('within', 2), ('scrap', 2), ('boilerplate', 2), ('row', 2)]
Predicted topic label: 96	Most frequent words: [('monad', 4), ('transformer', 3), ('transient', 3), ('instance', 2), ('object', 2)]
Predicted topic label: 57	Most frequent words: [('ilist', 1), ('returing', 1), ('short', 1), ('fails', 1), ('creating', 1)]
Predicted topic label: 3	Most frequent words: [('gift', 0), ('wrapper', 0), ('projection', 0), ('iterators', 0), ('builtin', 0)]
Predicted number of documents per topic for most populated clusters: [2319 1822 1644 1498 1265 1230 1175  911  897  859  857  813  785  758
  720  582  494  424  423  228  168   52   42   32    2    0    0    0
    0    0    0    0    0    0    0    0    0    0    0    0    0    0
    0    0    0    0    0    0    0    0    0    0    0    0    0    0
    0    0    0    0    0    0    0    0    0    0    0    0    0    0
    0    0    0    0    0    0    0    0    0    0    0    0    0    0
    0    0    0    0    0    0    0    0    0    0    0    0    0    0
    0    0]
Predicted topic labels with highest numbers of documents: [35 25 50 45 26 14 17 98 80  2 41 71 79 89  8 91 28 73 62 92 43 39  6 10
 21 34 33 32 36 37 38 31 30 29 42 40 99 27 24  1  3  4  5  7  9 11 12 13
 15 16 18 19 22 23 20 49 44 46 74 75 76 77 78 81 82 83 84 85 86 87 88 90
 93 94 95 96 97 72 70 69 57 47 48 51 52 53 54 55 56 58 68 59 60 61 63 64
 65 66 67  0]
Predicted topic label: 35	Most frequent words: [('wordpress', 719), ('drupal', 668), ('magento', 332), ('page', 293), ('post', 191)]
Predicted topic label: 25	Most frequent words: [('scala', 564), ('haskell', 458), ('type', 276), ('function', 205), ('class', 124)]
Predicted topic label: 50	Most frequent words: [('linq', 666), ('oracle', 268), ('sql', 260), ('query', 219), ('using', 160)]
Predicted topic label: 45	Most frequent words: [('qt', 331), ('window', 155), ('mac', 149), ('cocoa', 135), ('application', 99)]
Predicted topic label: 26	Most frequent words: [('sharepoint', 297), ('web', 201), ('ajax', 135), ('net', 107), ('site', 100)]
Predicted topic label: 14	Most frequent words: [('visual', 647), ('studio', 613), ('project', 185), ('file', 152), ('qt', 126)]
Predicted topic label: 17	Most frequent words: [('spring', 697), ('hibernate', 153), ('bean', 116), ('using', 97), ('scala', 73)]
Predicted topic label: 98	Most frequent words: [('bash', 498), ('script', 211), ('file', 169), ('command', 132), ('line', 106)]
Predicted topic label: 80	Most frequent words: [('svn', 492), ('file', 211), ('subversion', 203), ('repository', 136), ('directory', 103)]
Predicted topic label: 2	Most frequent words: [('hibernate', 540), ('linq', 91), ('query', 83), ('object', 83), ('many', 81)]
Predicted topic label: 41	Most frequent words: [('apache', 314), ('server', 128), ('mac', 91), ('file', 59), ('using', 58)]
Predicted topic label: 71	Most frequent words: [('ajax', 511), ('jquery', 105), ('using', 78), ('request', 78), ('call', 62)]
Predicted topic label: 79	Most frequent words: [('excel', 587), ('file', 144), ('vba', 108), ('cell', 93), ('data', 68)]
Predicted topic label: 89	Most frequent words: [('matlab', 445), ('array', 91), ('matrix', 86), ('haskell', 62), ('image', 59)]
Predicted topic label: 8	Most frequent words: [('oracle', 348), ('hibernate', 124), ('sql', 98), ('database', 79), ('table', 60)]
Predicted topic label: 91	Most frequent words: [('magento', 454), ('product', 206), ('attribute', 49), ('add', 40), ('order', 39)]
Predicted topic label: 28	Most frequent words: [('sharepoint', 248), ('list', 77), ('document', 60), ('custom', 52), ('excel', 50)]
Predicted topic label: 73	Most frequent words: [('mac', 107), ('cocoa', 76), ('qt', 53), ('osx', 45), ('application', 37)]
Predicted topic label: 62	Most frequent words: [('apache', 167), ('rewrite', 93), ('url', 85), ('wordpress', 71), ('htaccess', 70)]
Predicted topic label: 92	Most frequent words: [('bash', 54), ('file', 39), ('apache', 36), ('script', 35), ('mac', 26)]
Predicted topic label: 43	Most frequent words: [('haskell', 65), ('programming', 25), ('scala', 25), ('functional', 21), ('code', 13)]
Predicted topic label: 39	Most frequent words: [('leopard', 15), ('snow', 11), ('install', 9), ('installing', 9), ('mac', 9)]
Predicted topic label: 6	Most frequent words: [('drupal', 14), ('using', 5), ('view', 4), ('qgraphicsitem', 4), ('sharepoint', 4)]
Predicted topic label: 10	Most frequent words: [('spring', 5), ('state', 5), ('ruby', 3), ('scala', 2), ('cancelled', 2)]
Predicted topic label: 21	Most frequent words: [('histo', 1), ('needed', 1), ('morphisms', 1), ('dyna', 1), ('whatever', 1)]
Predicted topic label: 34	Most frequent words: [('gift', 0), ('wrapper', 0), ('projection', 0), ('iterators', 0), ('builtin', 0)]
Predicted topic label: 33	Most frequent words: [('gift', 0), ('wrapper', 0), ('projection', 0), ('iterators', 0), ('builtin', 0)]
Predicted topic label: 32	Most frequent words: [('gift', 0), ('wrapper', 0), ('projection', 0), ('iterators', 0), ('builtin', 0)]
Predicted topic label: 36	Most frequent words: [('gift', 0), ('wrapper', 0), ('projection', 0), ('iterators', 0), ('builtin', 0)]
Predicted topic label: 37	Most frequent words: [('gift', 0), ('wrapper', 0), ('projection', 0), ('iterators', 0), ('builtin', 0)]
Predicted topic label: 38	Most frequent words: [('gift', 0), ('wrapper', 0), ('projection', 0), ('iterators', 0), ('builtin', 0)]
Predicted topic label: 31	Most frequent words: [('gift', 0), ('wrapper', 0), ('projection', 0), ('iterators', 0), ('builtin', 0)]
Predicted topic label: 30	Most frequent words: [('gift', 0), ('wrapper', 0), ('projection', 0), ('iterators', 0), ('builtin', 0)]
Predicted topic label: 29	Most frequent words: [('gift', 0), ('wrapper', 0), ('projection', 0), ('iterators', 0), ('builtin', 0)]
Predicted topic label: 42	Most frequent words: [('gift', 0), ('wrapper', 0), ('projection', 0), ('iterators', 0), ('builtin', 0)]
Predicted topic label: 40	Most frequent words: [('gift', 0), ('wrapper', 0), ('projection', 0), ('iterators', 0), ('builtin', 0)]
Predicted topic label: 99	Most frequent words: [('gift', 0), ('wrapper', 0), ('projection', 0), ('iterators', 0), ('builtin', 0)]
Predicted topic label: 27	Most frequent words: [('gift', 0), ('wrapper', 0), ('projection', 0), ('iterators', 0), ('builtin', 0)]
Predicted topic label: 24	Most frequent words: [('gift', 0), ('wrapper', 0), ('projection', 0), ('iterators', 0), ('builtin', 0)]
Predicted topic label: 1	Most frequent words: [('gift', 0), ('wrapper', 0), ('projection', 0), ('iterators', 0), ('builtin', 0)]
Predicted topic label: 3	Most frequent words: [('gift', 0), ('wrapper', 0), ('projection', 0), ('iterators', 0), ('builtin', 0)]
Predicted topic label: 4	Most frequent words: [('gift', 0), ('wrapper', 0), ('projection', 0), ('iterators', 0), ('builtin', 0)]
Predicted topic label: 5	Most frequent words: [('gift', 0), ('wrapper', 0), ('projection', 0), ('iterators', 0), ('builtin', 0)]
Predicted topic label: 7	Most frequent words: [('gift', 0), ('wrapper', 0), ('projection', 0), ('iterators', 0), ('builtin', 0)]
Predicted topic label: 9	Most frequent words: [('gift', 0), ('wrapper', 0), ('projection', 0), ('iterators', 0), ('builtin', 0)]
Predicted topic label: 11	Most frequent words: [('gift', 0), ('wrapper', 0), ('projection', 0), ('iterators', 0), ('builtin', 0)]
Predicted topic label: 12	Most frequent words: [('gift', 0), ('wrapper', 0), ('projection', 0), ('iterators', 0), ('builtin', 0)]
Predicted topic label: 13	Most frequent words: [('gift', 0), ('wrapper', 0), ('projection', 0), ('iterators', 0), ('builtin', 0)]
Predicted topic label: 15	Most frequent words: [('gift', 0), ('wrapper', 0), ('projection', 0), ('iterators', 0), ('builtin', 0)]
Predicted topic label: 16	Most frequent words: [('gift', 0), ('wrapper', 0), ('projection', 0), ('iterators', 0), ('builtin', 0)]
Predicted topic label: 18	Most frequent words: [('gift', 0), ('wrapper', 0), ('projection', 0), ('iterators', 0), ('builtin', 0)]
Predicted topic label: 19	Most frequent words: [('gift', 0), ('wrapper', 0), ('projection', 0), ('iterators', 0), ('builtin', 0)]
Predicted topic label: 22	Most frequent words: [('gift', 0), ('wrapper', 0), ('projection', 0), ('iterators', 0), ('builtin', 0)]
Predicted topic label: 23	Most frequent words: [('gift', 0), ('wrapper', 0), ('projection', 0), ('iterators', 0), ('builtin', 0)]
Predicted topic label: 20	Most frequent words: [('gift', 0), ('wrapper', 0), ('projection', 0), ('iterators', 0), ('builtin', 0)]
Predicted topic label: 49	Most frequent words: [('gift', 0), ('wrapper', 0), ('projection', 0), ('iterators', 0), ('builtin', 0)]
Predicted topic label: 44	Most frequent words: [('gift', 0), ('wrapper', 0), ('projection', 0), ('iterators', 0), ('builtin', 0)]
Predicted topic label: 46	Most frequent words: [('gift', 0), ('wrapper', 0), ('projection', 0), ('iterators', 0), ('builtin', 0)]
Predicted topic label: 74	Most frequent words: [('gift', 0), ('wrapper', 0), ('projection', 0), ('iterators', 0), ('builtin', 0)]
Predicted topic label: 75	Most frequent words: [('gift', 0), ('wrapper', 0), ('projection', 0), ('iterators', 0), ('builtin', 0)]
Predicted topic label: 76	Most frequent words: [('gift', 0), ('wrapper', 0), ('projection', 0), ('iterators', 0), ('builtin', 0)]
Predicted topic label: 77	Most frequent words: [('gift', 0), ('wrapper', 0), ('projection', 0), ('iterators', 0), ('builtin', 0)]
Predicted topic label: 78	Most frequent words: [('gift', 0), ('wrapper', 0), ('projection', 0), ('iterators', 0), ('builtin', 0)]
Predicted topic label: 81	Most frequent words: [('gift', 0), ('wrapper', 0), ('projection', 0), ('iterators', 0), ('builtin', 0)]
Predicted topic label: 82	Most frequent words: [('gift', 0), ('wrapper', 0), ('projection', 0), ('iterators', 0), ('builtin', 0)]
Predicted topic label: 83	Most frequent words: [('gift', 0), ('wrapper', 0), ('projection', 0), ('iterators', 0), ('builtin', 0)]
Predicted topic label: 84	Most frequent words: [('gift', 0), ('wrapper', 0), ('projection', 0), ('iterators', 0), ('builtin', 0)]
Predicted topic label: 85	Most frequent words: [('gift', 0), ('wrapper', 0), ('projection', 0), ('iterators', 0), ('builtin', 0)]
Predicted topic label: 86	Most frequent words: [('gift', 0), ('wrapper', 0), ('projection', 0), ('iterators', 0), ('builtin', 0)]
Predicted topic label: 87	Most frequent words: [('gift', 0), ('wrapper', 0), ('projection', 0), ('iterators', 0), ('builtin', 0)]
Predicted topic label: 88	Most frequent words: [('gift', 0), ('wrapper', 0), ('projection', 0), ('iterators', 0), ('builtin', 0)]
Predicted topic label: 90	Most frequent words: [('gift', 0), ('wrapper', 0), ('projection', 0), ('iterators', 0), ('builtin', 0)]
Predicted topic label: 93	Most frequent words: [('gift', 0), ('wrapper', 0), ('projection', 0), ('iterators', 0), ('builtin', 0)]
Predicted topic label: 94	Most frequent words: [('gift', 0), ('wrapper', 0), ('projection', 0), ('iterators', 0), ('builtin', 0)]
Predicted topic label: 95	Most frequent words: [('gift', 0), ('wrapper', 0), ('projection', 0), ('iterators', 0), ('builtin', 0)]
Predicted topic label: 96	Most frequent words: [('gift', 0), ('wrapper', 0), ('projection', 0), ('iterators', 0), ('builtin', 0)]
Predicted topic label: 97	Most frequent words: [('gift', 0), ('wrapper', 0), ('projection', 0), ('iterators', 0), ('builtin', 0)]
Predicted topic label: 72	Most frequent words: [('gift', 0), ('wrapper', 0), ('projection', 0), ('iterators', 0), ('builtin', 0)]
Predicted topic label: 70	Most frequent words: [('gift', 0), ('wrapper', 0), ('projection', 0), ('iterators', 0), ('builtin', 0)]
Predicted topic label: 69	Most frequent words: [('gift', 0), ('wrapper', 0), ('projection', 0), ('iterators', 0), ('builtin', 0)]
Predicted topic label: 57	Most frequent words: [('gift', 0), ('wrapper', 0), ('projection', 0), ('iterators', 0), ('builtin', 0)]
Predicted topic label: 47	Most frequent words: [('gift', 0), ('wrapper', 0), ('projection', 0), ('iterators', 0), ('builtin', 0)]
Predicted topic label: 48	Most frequent words: [('gift', 0), ('wrapper', 0), ('projection', 0), ('iterators', 0), ('builtin', 0)]
Predicted topic label: 51	Most frequent words: [('gift', 0), ('wrapper', 0), ('projection', 0), ('iterators', 0), ('builtin', 0)]
Predicted topic label: 52	Most frequent words: [('gift', 0), ('wrapper', 0), ('projection', 0), ('iterators', 0), ('builtin', 0)]
Predicted topic label: 53	Most frequent words: [('gift', 0), ('wrapper', 0), ('projection', 0), ('iterators', 0), ('builtin', 0)]
Predicted topic label: 54	Most frequent words: [('gift', 0), ('wrapper', 0), ('projection', 0), ('iterators', 0), ('builtin', 0)]
Predicted topic label: 55	Most frequent words: [('gift', 0), ('wrapper', 0), ('projection', 0), ('iterators', 0), ('builtin', 0)]
Predicted topic label: 56	Most frequent words: [('gift', 0), ('wrapper', 0), ('projection', 0), ('iterators', 0), ('builtin', 0)]
Predicted topic label: 58	Most frequent words: [('gift', 0), ('wrapper', 0), ('projection', 0), ('iterators', 0), ('builtin', 0)]
Predicted topic label: 68	Most frequent words: [('gift', 0), ('wrapper', 0), ('projection', 0), ('iterators', 0), ('builtin', 0)]
Predicted topic label: 59	Most frequent words: [('gift', 0), ('wrapper', 0), ('projection', 0), ('iterators', 0), ('builtin', 0)]
Predicted topic label: 60	Most frequent words: [('gift', 0), ('wrapper', 0), ('projection', 0), ('iterators', 0), ('builtin', 0)]
Predicted topic label: 61	Most frequent words: [('gift', 0), ('wrapper', 0), ('projection', 0), ('iterators', 0), ('builtin', 0)]
Predicted topic label: 63	Most frequent words: [('gift', 0), ('wrapper', 0), ('projection', 0), ('iterators', 0), ('builtin', 0)]
Predicted topic label: 64	Most frequent words: [('gift', 0), ('wrapper', 0), ('projection', 0), ('iterators', 0), ('builtin', 0)]
Predicted topic label: 65	Most frequent words: [('gift', 0), ('wrapper', 0), ('projection', 0), ('iterators', 0), ('builtin', 0)]
Predicted topic label: 66	Most frequent words: [('gift', 0), ('wrapper', 0), ('projection', 0), ('iterators', 0), ('builtin', 0)]
Predicted topic label: 67	Most frequent words: [('gift', 0), ('wrapper', 0), ('projection', 0), ('iterators', 0), ('builtin', 0)]
Predicted topic label: 0	Most frequent words: [('gift', 0), ('wrapper', 0), ('projection', 0), ('iterators', 0), ('builtin', 0)]
Predicted number of documents per topic for most populated clusters: [3684 3627 2838 2314 1989 1698 1349 1163  860  458   14    2    2    1
    1    0    0    0    0    0    0    0    0    0    0    0    0    0
    0    0    0    0    0    0    0    0    0    0    0    0    0    0
    0    0    0    0    0    0    0    0    0    0    0    0    0    0
    0    0    0    0    0    0    0    0    0    0    0    0    0    0
    0    0    0    0    0    0    0    0    0    0    0    0    0    0
    0    0    0    0    0    0    0    0    0    0    0    0    0    0
    0    0]
Predicted topic labels with highest numbers of documents: [99 82 18  8 55  1  3  0  6 90 65 51 35 13 15 32 25 26 27 28 29 30 31 41
 40 33 24 36 37 42 38 39 34 91 23 10 97  2 96  4  5  7 95  9 11 43 12 14
 16 17 94 19 20 21 22 45 44 46 71 72 73 74 75 76 77 78 79 80 81 92 83 84
 85 86 87 88 89 70 69 68 56 47 48 98 50 52 53 54 93 57 67 58 59 60 61 62
 63 64 66 49]
Predicted topic label: 99	Most frequent words: [('magento', 801), ('wordpress', 755), ('drupal', 739), ('page', 393), ('sharepoint', 359)]
Predicted topic label: 82	Most frequent words: [('linq', 760), ('oracle', 525), ('scala', 454), ('haskell', 413), ('sql', 356)]
Predicted topic label: 18	Most frequent words: [('visual', 728), ('studio', 684), ('qt', 445), ('mac', 261), ('window', 233)]
Predicted topic label: 8	Most frequent words: [('apache', 558), ('server', 205), ('mac', 199), ('file', 185), ('ajax', 153)]
Predicted topic label: 55	Most frequent words: [('spring', 723), ('hibernate', 695), ('using', 155), ('object', 141), ('bean', 120)]
Predicted topic label: 1	Most frequent words: [('excel', 712), ('matlab', 417), ('file', 173), ('cell', 144), ('vba', 122)]
Predicted topic label: 3	Most frequent words: [('scala', 208), ('haskell', 199), ('sharepoint', 161), ('web', 99), ('ajax', 89)]
Predicted topic label: 0	Most frequent words: [('bash', 565), ('script', 245), ('file', 217), ('command', 152), ('line', 107)]
Predicted topic label: 6	Most frequent words: [('svn', 491), ('subversion', 207), ('file', 195), ('repository', 133), ('directory', 83)]
Predicted topic label: 90	Most frequent words: [('ajax', 285), ('jquery', 72), ('net', 40), ('asp', 38), ('request', 36)]
Predicted topic label: 65	Most frequent words: [('ksh', 1), ('peekcstring', 1), ('sclala', 1), ('inverse', 1), ('remover', 1)]
Predicted topic label: 51	Most frequent words: [('autocommit', 1), ('jpatamplate', 1), ('godaddy', 1), ('datatables', 0), ('euler', 0)]
Predicted topic label: 35	Most frequent words: [('producing', 1), ('macroblocks', 1), ('mpeg', 1), ('compression', 1), ('qtpython', 1)]
Predicted topic label: 13	Most frequent words: [('understand', 1), ('pythonpath', 1), ('typeset', 1), ('wrapper', 0), ('projection', 0)]
Predicted topic label: 15	Most frequent words: [('probe', 2), ('dtrace', 1), ('specified', 1), ('specify', 1), ('leopard', 1)]
Predicted topic label: 32	Most frequent words: [('gift', 0), ('wrapper', 0), ('projection', 0), ('iterators', 0), ('builtin', 0)]
Predicted topic label: 25	Most frequent words: [('gift', 0), ('wrapper', 0), ('projection', 0), ('iterators', 0), ('builtin', 0)]
Predicted topic label: 26	Most frequent words: [('gift', 0), ('wrapper', 0), ('projection', 0), ('iterators', 0), ('builtin', 0)]
Predicted topic label: 27	Most frequent words: [('gift', 0), ('wrapper', 0), ('projection', 0), ('iterators', 0), ('builtin', 0)]
Predicted topic label: 28	Most frequent words: [('gift', 0), ('wrapper', 0), ('projection', 0), ('iterators', 0), ('builtin', 0)]
Predicted topic label: 29	Most frequent words: [('gift', 0), ('wrapper', 0), ('projection', 0), ('iterators', 0), ('builtin', 0)]
Predicted topic label: 30	Most frequent words: [('gift', 0), ('wrapper', 0), ('projection', 0), ('iterators', 0), ('builtin', 0)]
Predicted topic label: 31	Most frequent words: [('gift', 0), ('wrapper', 0), ('projection', 0), ('iterators', 0), ('builtin', 0)]
Predicted topic label: 41	Most frequent words: [('gift', 0), ('wrapper', 0), ('projection', 0), ('iterators', 0), ('builtin', 0)]
Predicted topic label: 40	Most frequent words: [('gift', 0), ('wrapper', 0), ('projection', 0), ('iterators', 0), ('builtin', 0)]
Predicted topic label: 33	Most frequent words: [('gift', 0), ('wrapper', 0), ('projection', 0), ('iterators', 0), ('builtin', 0)]
Predicted topic label: 24	Most frequent words: [('gift', 0), ('wrapper', 0), ('projection', 0), ('iterators', 0), ('builtin', 0)]
Predicted topic label: 36	Most frequent words: [('gift', 0), ('wrapper', 0), ('projection', 0), ('iterators', 0), ('builtin', 0)]
Predicted topic label: 37	Most frequent words: [('gift', 0), ('wrapper', 0), ('projection', 0), ('iterators', 0), ('builtin', 0)]
Predicted topic label: 42	Most frequent words: [('gift', 0), ('wrapper', 0), ('projection', 0), ('iterators', 0), ('builtin', 0)]
Predicted topic label: 38	Most frequent words: [('gift', 0), ('wrapper', 0), ('projection', 0), ('iterators', 0), ('builtin', 0)]
Predicted topic label: 39	Most frequent words: [('gift', 0), ('wrapper', 0), ('projection', 0), ('iterators', 0), ('builtin', 0)]
Predicted topic label: 34	Most frequent words: [('gift', 0), ('wrapper', 0), ('projection', 0), ('iterators', 0), ('builtin', 0)]
Predicted topic label: 91	Most frequent words: [('gift', 0), ('wrapper', 0), ('projection', 0), ('iterators', 0), ('builtin', 0)]
Predicted topic label: 23	Most frequent words: [('gift', 0), ('wrapper', 0), ('projection', 0), ('iterators', 0), ('builtin', 0)]
Predicted topic label: 10	Most frequent words: [('gift', 0), ('wrapper', 0), ('projection', 0), ('iterators', 0), ('builtin', 0)]
Predicted topic label: 97	Most frequent words: [('gift', 0), ('wrapper', 0), ('projection', 0), ('iterators', 0), ('builtin', 0)]
Predicted topic label: 2	Most frequent words: [('gift', 0), ('wrapper', 0), ('projection', 0), ('iterators', 0), ('builtin', 0)]
Predicted topic label: 96	Most frequent words: [('gift', 0), ('wrapper', 0), ('projection', 0), ('iterators', 0), ('builtin', 0)]
Predicted topic label: 4	Most frequent words: [('gift', 0), ('wrapper', 0), ('projection', 0), ('iterators', 0), ('builtin', 0)]
Predicted topic label: 5	Most frequent words: [('gift', 0), ('wrapper', 0), ('projection', 0), ('iterators', 0), ('builtin', 0)]
Predicted topic label: 7	Most frequent words: [('gift', 0), ('wrapper', 0), ('projection', 0), ('iterators', 0), ('builtin', 0)]
Predicted topic label: 95	Most frequent words: [('gift', 0), ('wrapper', 0), ('projection', 0), ('iterators', 0), ('builtin', 0)]
Predicted topic label: 9	Most frequent words: [('gift', 0), ('wrapper', 0), ('projection', 0), ('iterators', 0), ('builtin', 0)]
Predicted topic label: 11	Most frequent words: [('gift', 0), ('wrapper', 0), ('projection', 0), ('iterators', 0), ('builtin', 0)]
Predicted topic label: 43	Most frequent words: [('gift', 0), ('wrapper', 0), ('projection', 0), ('iterators', 0), ('builtin', 0)]
Predicted topic label: 12	Most frequent words: [('gift', 0), ('wrapper', 0), ('projection', 0), ('iterators', 0), ('builtin', 0)]
Predicted topic label: 14	Most frequent words: [('gift', 0), ('wrapper', 0), ('projection', 0), ('iterators', 0), ('builtin', 0)]
Predicted topic label: 16	Most frequent words: [('gift', 0), ('wrapper', 0), ('projection', 0), ('iterators', 0), ('builtin', 0)]
Predicted topic label: 17	Most frequent words: [('gift', 0), ('wrapper', 0), ('projection', 0), ('iterators', 0), ('builtin', 0)]
Predicted topic label: 94	Most frequent words: [('gift', 0), ('wrapper', 0), ('projection', 0), ('iterators', 0), ('builtin', 0)]
Predicted topic label: 19	Most frequent words: [('gift', 0), ('wrapper', 0), ('projection', 0), ('iterators', 0), ('builtin', 0)]
Predicted topic label: 20	Most frequent words: [('gift', 0), ('wrapper', 0), ('projection', 0), ('iterators', 0), ('builtin', 0)]
Predicted topic label: 21	Most frequent words: [('gift', 0), ('wrapper', 0), ('projection', 0), ('iterators', 0), ('builtin', 0)]
Predicted topic label: 22	Most frequent words: [('gift', 0), ('wrapper', 0), ('projection', 0), ('iterators', 0), ('builtin', 0)]
Predicted topic label: 45	Most frequent words: [('gift', 0), ('wrapper', 0), ('projection', 0), ('iterators', 0), ('builtin', 0)]
Predicted topic label: 44	Most frequent words: [('gift', 0), ('wrapper', 0), ('projection', 0), ('iterators', 0), ('builtin', 0)]
Predicted topic label: 46	Most frequent words: [('gift', 0), ('wrapper', 0), ('projection', 0), ('iterators', 0), ('builtin', 0)]
Predicted topic label: 71	Most frequent words: [('gift', 0), ('wrapper', 0), ('projection', 0), ('iterators', 0), ('builtin', 0)]
Predicted topic label: 72	Most frequent words: [('gift', 0), ('wrapper', 0), ('projection', 0), ('iterators', 0), ('builtin', 0)]
Predicted topic label: 73	Most frequent words: [('gift', 0), ('wrapper', 0), ('projection', 0), ('iterators', 0), ('builtin', 0)]
Predicted topic label: 74	Most frequent words: [('gift', 0), ('wrapper', 0), ('projection', 0), ('iterators', 0), ('builtin', 0)]
Predicted topic label: 75	Most frequent words: [('gift', 0), ('wrapper', 0), ('projection', 0), ('iterators', 0), ('builtin', 0)]
Predicted topic label: 76	Most frequent words: [('gift', 0), ('wrapper', 0), ('projection', 0), ('iterators', 0), ('builtin', 0)]
Predicted topic label: 77	Most frequent words: [('gift', 0), ('wrapper', 0), ('projection', 0), ('iterators', 0), ('builtin', 0)]
Predicted topic label: 78	Most frequent words: [('gift', 0), ('wrapper', 0), ('projection', 0), ('iterators', 0), ('builtin', 0)]
Predicted topic label: 79	Most frequent words: [('gift', 0), ('wrapper', 0), ('projection', 0), ('iterators', 0), ('builtin', 0)]
Predicted topic label: 80	Most frequent words: [('gift', 0), ('wrapper', 0), ('projection', 0), ('iterators', 0), ('builtin', 0)]
Predicted topic label: 81	Most frequent words: [('gift', 0), ('wrapper', 0), ('projection', 0), ('iterators', 0), ('builtin', 0)]
Predicted topic label: 92	Most frequent words: [('gift', 0), ('wrapper', 0), ('projection', 0), ('iterators', 0), ('builtin', 0)]
Predicted topic label: 83	Most frequent words: [('gift', 0), ('wrapper', 0), ('projection', 0), ('iterators', 0), ('builtin', 0)]
Predicted topic label: 84	Most frequent words: [('gift', 0), ('wrapper', 0), ('projection', 0), ('iterators', 0), ('builtin', 0)]
Predicted topic label: 85	Most frequent words: [('gift', 0), ('wrapper', 0), ('projection', 0), ('iterators', 0), ('builtin', 0)]
Predicted topic label: 86	Most frequent words: [('gift', 0), ('wrapper', 0), ('projection', 0), ('iterators', 0), ('builtin', 0)]
Predicted topic label: 87	Most frequent words: [('gift', 0), ('wrapper', 0), ('projection', 0), ('iterators', 0), ('builtin', 0)]
Predicted topic label: 88	Most frequent words: [('gift', 0), ('wrapper', 0), ('projection', 0), ('iterators', 0), ('builtin', 0)]
Predicted topic label: 89	Most frequent words: [('gift', 0), ('wrapper', 0), ('projection', 0), ('iterators', 0), ('builtin', 0)]
Predicted topic label: 70	Most frequent words: [('gift', 0), ('wrapper', 0), ('projection', 0), ('iterators', 0), ('builtin', 0)]
Predicted topic label: 69	Most frequent words: [('gift', 0), ('wrapper', 0), ('projection', 0), ('iterators', 0), ('builtin', 0)]
Predicted topic label: 68	Most frequent words: [('gift', 0), ('wrapper', 0), ('projection', 0), ('iterators', 0), ('builtin', 0)]
Predicted topic label: 56	Most frequent words: [('gift', 0), ('wrapper', 0), ('projection', 0), ('iterators', 0), ('builtin', 0)]
Predicted topic label: 47	Most frequent words: [('gift', 0), ('wrapper', 0), ('projection', 0), ('iterators', 0), ('builtin', 0)]
Predicted topic label: 48	Most frequent words: [('gift', 0), ('wrapper', 0), ('projection', 0), ('iterators', 0), ('builtin', 0)]
Predicted topic label: 98	Most frequent words: [('gift', 0), ('wrapper', 0), ('projection', 0), ('iterators', 0), ('builtin', 0)]
Predicted topic label: 50	Most frequent words: [('gift', 0), ('wrapper', 0), ('projection', 0), ('iterators', 0), ('builtin', 0)]
Predicted topic label: 52	Most frequent words: [('gift', 0), ('wrapper', 0), ('projection', 0), ('iterators', 0), ('builtin', 0)]
Predicted topic label: 53	Most frequent words: [('gift', 0), ('wrapper', 0), ('projection', 0), ('iterators', 0), ('builtin', 0)]
Predicted topic label: 54	Most frequent words: [('gift', 0), ('wrapper', 0), ('projection', 0), ('iterators', 0), ('builtin', 0)]
Predicted topic label: 93	Most frequent words: [('gift', 0), ('wrapper', 0), ('projection', 0), ('iterators', 0), ('builtin', 0)]
Predicted topic label: 57	Most frequent words: [('gift', 0), ('wrapper', 0), ('projection', 0), ('iterators', 0), ('builtin', 0)]
Predicted topic label: 67	Most frequent words: [('gift', 0), ('wrapper', 0), ('projection', 0), ('iterators', 0), ('builtin', 0)]
Predicted topic label: 58	Most frequent words: [('gift', 0), ('wrapper', 0), ('projection', 0), ('iterators', 0), ('builtin', 0)]
Predicted topic label: 59	Most frequent words: [('gift', 0), ('wrapper', 0), ('projection', 0), ('iterators', 0), ('builtin', 0)]
Predicted topic label: 60	Most frequent words: [('gift', 0), ('wrapper', 0), ('projection', 0), ('iterators', 0), ('builtin', 0)]
Predicted topic label: 61	Most frequent words: [('gift', 0), ('wrapper', 0), ('projection', 0), ('iterators', 0), ('builtin', 0)]
Predicted topic label: 62	Most frequent words: [('gift', 0), ('wrapper', 0), ('projection', 0), ('iterators', 0), ('builtin', 0)]
Predicted topic label: 63	Most frequent words: [('gift', 0), ('wrapper', 0), ('projection', 0), ('iterators', 0), ('builtin', 0)]
Predicted topic label: 64	Most frequent words: [('gift', 0), ('wrapper', 0), ('projection', 0), ('iterators', 0), ('builtin', 0)]
Predicted topic label: 66	Most frequent words: [('gift', 0), ('wrapper', 0), ('projection', 0), ('iterators', 0), ('builtin', 0)]
Predicted topic label: 49	Most frequent words: [('gift', 0), ('wrapper', 0), ('projection', 0), ('iterators', 0), ('builtin', 0)]
