Predicted number of documents per topic for most populated clusters: [818 776 765 676 578 566 509 497 493 490 468 464 415 399 393 384 372 364
 335 316 296 292 271 263 258 255 253 252 249 248 248 240 220 214 209 205
 198 197 196 194 193 191 181 178 174 171 168 158 153 147 144 136 135 133
 132 127 109 108 107 103 102 102  94  90  88  86  84  84  83  82  81  79
  77  74  74  73  72  71  67  60  59  58  53  52  46  46  36  35  35  34
  26  23  22  21  21  11   9   6]
Predicted topic labels with highest numbers of documents: [55 24 48 39 59 53 40 66 15 84 82  5  8 88 86 68 23 28  9 51 72 41 98  6
 37 93 29 27 45 56 75 52 81 33 35  0 89 46 36 83 61 58 96 71  7 97 25 20
 67 90 77 85 13 30 79 69 16 92 12 65 19 42 38 44 14 22  4 26 63 95 17 50
 10 34  3 73 47 49 78 74 21 94 76 43 54 91 11 18 87 32 62 64 70 57 99 80
 31  2]
Predicted topic label: 55	Most frequent words: [('bash', 394), ('file', 184), ('script', 163), ('command', 106), ('line', 93)]
Predicted topic label: 24	Most frequent words: [('visual', 388), ('studio', 367), ('project', 110), ('file', 108), ('qt', 63)]
Predicted topic label: 48	Most frequent words: [('apache', 323), ('url', 106), ('rewrite', 100), ('htaccess', 86), ('wordpress', 70)]
Predicted topic label: 39	Most frequent words: [('linq', 366), ('hibernate', 156), ('query', 130), ('sql', 85), ('using', 72)]
Predicted topic label: 59	Most frequent words: [('spring', 399), ('bean', 87), ('hibernate', 75), ('using', 52), ('property', 43)]
Predicted topic label: 53	Most frequent words: [('scala', 238), ('type', 186), ('haskell', 125), ('class', 88), ('function', 63)]
Predicted topic label: 40	Most frequent words: [('wordpress', 149), ('ajax', 144), ('page', 63), ('drupal', 63), ('jquery', 53)]
Predicted topic label: 66	Most frequent words: [('magento', 397), ('product', 192), ('page', 47), ('attribute', 43), ('category', 40)]
Predicted topic label: 15	Most frequent words: [('hibernate', 288), ('mapping', 66), ('object', 66), ('many', 64), ('one', 63)]
Predicted topic label: 84	Most frequent words: [('excel', 284), ('vba', 66), ('oracle', 58), ('cell', 52), ('function', 39)]
Predicted topic label: 82	Most frequent words: [('drupal', 210), ('form', 81), ('page', 58), ('node', 53), ('sharepoint', 51)]
Predicted topic label: 5	Most frequent words: [('oracle', 77), ('mac', 50), ('sql', 49), ('ajax', 44), ('application', 42)]
Predicted topic label: 8	Most frequent words: [('sharepoint', 108), ('drupal', 83), ('list', 65), ('custom', 55), ('field', 44)]
Predicted topic label: 88	Most frequent words: [('svn', 223), ('file', 109), ('subversion', 61), ('repository', 52), ('copy', 32)]
Predicted topic label: 86	Most frequent words: [('ajax', 276), ('jquery', 61), ('request', 49), ('call', 47), ('net', 39)]
Predicted topic label: 68	Most frequent words: [('magento', 166), ('wordpress', 77), ('drupal', 69), ('custom', 43), ('add', 43)]
Predicted topic label: 23	Most frequent words: [('excel', 78), ('table', 76), ('oracle', 66), ('column', 61), ('linq', 43)]
Predicted topic label: 28	Most frequent words: [('wordpress', 244), ('post', 118), ('category', 88), ('page', 63), ('list', 39)]
Predicted topic label: 9	Most frequent words: [('linq', 153), ('oracle', 69), ('query', 64), ('sql', 42), ('multiple', 40)]
Predicted topic label: 51	Most frequent words: [('visual', 209), ('studio', 199), ('project', 32), ('line', 27), ('file', 27)]
Predicted topic label: 72	Most frequent words: [('svn', 162), ('subversion', 87), ('repository', 61), ('branch', 41), ('file', 34)]
Predicted topic label: 41	Most frequent words: [('wordpress', 147), ('page', 44), ('post', 34), ('php', 30), ('theme', 27)]
Predicted topic label: 98	Most frequent words: [('function', 77), ('haskell', 71), ('matlab', 61), ('scala', 25), ('number', 22)]
Predicted topic label: 6	Most frequent words: [('mac', 58), ('window', 55), ('application', 48), ('cocoa', 36), ('qt', 32)]
Predicted topic label: 37	Most frequent words: [('excel', 179), ('cell', 53), ('file', 49), ('row', 33), ('macro', 27)]
Predicted topic label: 93	Most frequent words: [('sharepoint', 174), ('web', 62), ('site', 57), ('list', 36), ('part', 32)]
Predicted topic label: 29	Most frequent words: [('drupal', 187), ('view', 83), ('node', 46), ('field', 32), ('form', 26)]
Predicted topic label: 27	Most frequent words: [('oracle', 147), ('sql', 69), ('stored', 45), ('procedure', 44), ('linq', 41)]
Predicted topic label: 45	Most frequent words: [('excel', 65), ('string', 45), ('matlab', 31), ('scala', 26), ('haskell', 25)]
Predicted topic label: 56	Most frequent words: [('bash', 53), ('error', 41), ('script', 27), ('command', 22), ('using', 21)]
Predicted topic label: 75	Most frequent words: [('sharepoint', 100), ('web', 33), ('file', 33), ('document', 29), ('excel', 29)]
Predicted topic label: 52	Most frequent words: [('sharepoint', 58), ('user', 54), ('apache', 29), ('permission', 28), ('drupal', 24)]
Predicted topic label: 81	Most frequent words: [('haskell', 70), ('matlab', 38), ('scala', 35), ('type', 33), ('function', 31)]
Predicted topic label: 33	Most frequent words: [('ajax', 35), ('way', 25), ('file', 23), ('php', 22), ('oracle', 21)]
Predicted topic label: 35	Most frequent words: [('haskell', 102), ('list', 67), ('scala', 50), ('map', 20), ('function', 16)]
Predicted topic label: 0	Most frequent words: [('cocoa', 35), ('qt', 27), ('mac', 21), ('best', 16), ('element', 16)]
Predicted topic label: 89	Most frequent words: [('scala', 49), ('xml', 40), ('linq', 37), ('using', 28), ('oracle', 27)]
Predicted topic label: 46	Most frequent words: [('matlab', 134), ('plot', 46), ('image', 26), ('line', 19), ('qt', 15)]
Predicted topic label: 36	Most frequent words: [('qt', 84), ('visual', 44), ('studio', 44), ('project', 34), ('file', 22)]
Predicted topic label: 83	Most frequent words: [('apache', 40), ('magento', 35), ('error', 20), ('install', 19), ('build', 19)]
Predicted topic label: 61	Most frequent words: [('matlab', 131), ('array', 56), ('matrix', 43), ('vector', 29), ('image', 26)]
Predicted topic label: 58	Most frequent words: [('qt', 52), ('window', 42), ('cocoa', 27), ('icon', 22), ('using', 17)]
Predicted topic label: 96	Most frequent words: [('svn', 90), ('subversion', 59), ('file', 48), ('directory', 27), ('repository', 26)]
Predicted topic label: 71	Most frequent words: [('best', 33), ('drupal', 21), ('sharepoint', 19), ('development', 18), ('environment', 16)]
Predicted topic label: 7	Most frequent words: [('haskell', 81), ('file', 35), ('list', 17), ('scala', 17), ('using', 17)]
Predicted topic label: 97	Most frequent words: [('spring', 65), ('hibernate', 52), ('transaction', 26), ('session', 20), ('using', 17)]
Predicted topic label: 25	Most frequent words: [('qt', 63), ('mac', 26), ('application', 22), ('window', 21), ('using', 16)]
Predicted topic label: 20	Most frequent words: [('visual', 23), ('way', 22), ('application', 22), ('sharepoint', 21), ('studio', 21)]
Predicted topic label: 67	Most frequent words: [('qt', 86), ('signal', 30), ('slot', 26), ('thread', 17), ('widget', 12)]
Predicted topic label: 90	Most frequent words: [('spring', 93), ('hibernate', 21), ('security', 17), ('file', 15), ('context', 14)]
Predicted topic label: 77	Most frequent words: [('hibernate', 76), ('oracle', 23), ('query', 23), ('table', 19), ('using', 19)]
Predicted topic label: 85	Most frequent words: [('value', 27), ('linq', 23), ('list', 22), ('date', 21), ('sharepoint', 20)]
Predicted topic label: 13	Most frequent words: [('mac', 52), ('apache', 36), ('osx', 21), ('php', 19), ('leopard', 17)]
Predicted topic label: 30	Most frequent words: [('magento', 32), ('server', 16), ('apache', 15), ('xml', 14), ('use', 14)]
Predicted topic label: 79	Most frequent words: [('error', 29), ('oracle', 22), ('os', 21), ('connection', 16), ('code', 13)]
Predicted topic label: 69	Most frequent words: [('excel', 62), ('file', 40), ('data', 27), ('matlab', 19), ('import', 18)]
Predicted topic label: 16	Most frequent words: [('scala', 25), ('haskell', 20), ('linq', 17), ('doe', 13), ('language', 12)]
Predicted topic label: 92	Most frequent words: [('mac', 29), ('scala', 25), ('window', 14), ('qt', 14), ('doe', 12)]
Predicted topic label: 12	Most frequent words: [('menu', 18), ('qt', 15), ('event', 12), ('nstableview', 11), ('excel', 11)]
Predicted topic label: 65	Most frequent words: [('bash', 47), ('file', 17), ('script', 16), ('stdout', 16), ('stderr', 16)]
Predicted topic label: 19	Most frequent words: [('make', 23), ('view', 22), ('row', 18), ('cocoa', 17), ('text', 16)]
Predicted topic label: 42	Most frequent words: [('cocoa', 20), ('scala', 15), ('actor', 13), ('long', 11), ('running', 11)]
Predicted topic label: 38	Most frequent words: [('hibernate', 66), ('cache', 23), ('level', 20), ('second', 13), ('mapping', 11)]
Predicted topic label: 44	Most frequent words: [('matlab', 33), ('data', 22), ('class', 17), ('time', 10), ('array', 10)]
Predicted topic label: 14	Most frequent words: [('ajax', 26), ('oracle', 15), ('best', 12), ('spring', 11), ('net', 10)]
Predicted topic label: 22	Most frequent words: [('mac', 27), ('ajax', 13), ('connection', 12), ('key', 10), ('command', 9)]
Predicted topic label: 4	Most frequent words: [('spring', 49), ('mvc', 19), ('form', 17), ('object', 12), ('handling', 10)]
Predicted topic label: 26	Most frequent words: [('haskell', 35), ('programming', 19), ('scala', 12), ('functional', 9), ('style', 7)]
Predicted topic label: 63	Most frequent words: [('file', 20), ('visual', 19), ('studio', 17), ('cocoa', 12), ('svn', 12)]
Predicted topic label: 95	Most frequent words: [('scala', 32), ('testing', 11), ('code', 11), ('haskell', 11), ('explain', 11)]
Predicted topic label: 17	Most frequent words: [('scala', 14), ('matlab', 12), ('library', 11), ('java', 11), ('simple', 10)]
Predicted topic label: 50	Most frequent words: [('ajax', 13), ('object', 12), ('cocoa', 9), ('data', 8), ('string', 8)]
Predicted topic label: 10	Most frequent words: [('bash', 14), ('way', 14), ('sql', 11), ('file', 10), ('drupal', 10)]
Predicted topic label: 34	Most frequent words: [('cocoa', 22), ('equivalent', 13), ('question', 10), ('interface', 10), ('using', 8)]
Predicted topic label: 3	Most frequent words: [('cocoa', 15), ('visual', 13), ('studio', 12), ('font', 10), ('mac', 9)]
Predicted topic label: 73	Most frequent words: [('linq', 19), ('insert', 18), ('sql', 15), ('oracle', 10), ('method', 8)]
Predicted topic label: 47	Most frequent words: [('use', 14), ('binding', 11), ('case', 10), ('scala', 10), ('cocoa', 10)]
Predicted topic label: 49	Most frequent words: [('scala', 28), ('doe', 18), ('method', 12), ('java', 11), ('type', 7)]
Predicted topic label: 78	Most frequent words: [('bash', 27), ('script', 19), ('window', 9), ('job', 8), ('mac', 7)]
Predicted topic label: 74	Most frequent words: [('matlab', 18), ('excel', 14), ('image', 9), ('problem', 8), ('vba', 6)]
Predicted topic label: 21	Most frequent words: [('matlab', 42), ('error', 11), ('maximum', 7), ('gaussian', 6), ('filter', 5)]
Predicted topic label: 94	Most frequent words: [('svn', 16), ('hook', 15), ('commit', 13), ('subversion', 9), ('pre', 9)]
Predicted topic label: 76	Most frequent words: [('sharepoint', 17), ('workflow', 11), ('data', 8), ('hibernate', 7), ('list', 6)]
Predicted topic label: 43	Most frequent words: [('net', 26), ('asp', 21), ('ajax', 16), ('matlab', 7), ('application', 6)]
Predicted topic label: 54	Most frequent words: [('apache', 10), ('use', 7), ('cocoa', 7), ('memory', 7), ('connect', 5)]
Predicted topic label: 91	Most frequent words: [('scala', 13), ('equivalent', 6), ('box', 6), ('range', 6), ('hibernate', 5)]
Predicted topic label: 11	Most frequent words: [('sharepoint', 15), ('post', 4), ('webpart', 4), ('search', 4), ('url', 4)]
Predicted topic label: 18	Most frequent words: [('magento', 12), ('error', 8), ('function', 7), ('integration', 6), ('fatal', 6)]
Predicted topic label: 87	Most frequent words: [('apache', 7), ('trace', 6), ('log', 6), ('line', 5), ('stack', 4)]
Predicted topic label: 32	Most frequent words: [('qt', 8), ('dynamic', 6), ('feature', 5), ('scala', 4), ('library', 4)]
Predicted topic label: 62	Most frequent words: [('widget', 5), ('qt', 5), ('access', 4), ('matlab', 4), ('moss', 4)]
Predicted topic label: 64	Most frequent words: [('create', 6), ('dmg', 5), ('application', 5), ('file', 5), ('passing', 5)]
Predicted topic label: 70	Most frequent words: [('option', 5), ('doe', 5), ('question', 4), ('pattern', 4), ('matching', 4)]
Predicted topic label: 57	Most frequent words: [('current', 8), ('get', 5), ('database', 5), ('group', 4), ('previous', 4)]
Predicted topic label: 99	Most frequent words: [('oracle', 5), ('view', 4), ('scale', 4), ('nsview', 4), ('precision', 3)]
Predicted topic label: 80	Most frequent words: [('apache', 2), ('radio', 2), ('process', 2), ('user', 2), ('group', 2)]
Predicted topic label: 31	Most frequent words: [('nsnumber', 3), ('nsstring', 2), ('nstextfield', 2), ('handle', 2), ('binding', 2)]
Predicted topic label: 2	Most frequent words: [('php', 2), ('compressed', 1), ('pixel', 1), ('adding', 1), ('zend', 1)]
Predicted number of documents per topic for most populated clusters: [2553 2413 1568 1475 1203 1185 1162 1137 1102 1078  679  671  586  504
  479  469  442  421  337  196  120  106   91   14    6    1    1    1
    0    0    0    0]
Predicted topic labels with highest numbers of documents: [92 61  6 79 59 64 66 30 81 15 68 32 38 44 84  7 76 71 99 57 17 10 46 52
 31  8 98  5 33 27 29 36]
Predicted topic label: 92	Most frequent words: [('qt', 454), ('visual', 358), ('studio', 336), ('mac', 303), ('file', 226)]
Predicted topic label: 61	Most frequent words: [('linq', 751), ('hibernate', 596), ('query', 312), ('oracle', 277), ('sql', 243)]
Predicted topic label: 6	Most frequent words: [('wordpress', 676), ('drupal', 408), ('page', 214), ('post', 201), ('magento', 108)]
Predicted topic label: 79	Most frequent words: [('sharepoint', 414), ('magento', 374), ('drupal', 268), ('list', 168), ('custom', 130)]
Predicted topic label: 59	Most frequent words: [('spring', 707), ('hibernate', 268), ('bean', 118), ('using', 94), ('xml', 71)]
Predicted topic label: 64	Most frequent words: [('bash', 574), ('script', 229), ('file', 222), ('command', 145), ('line', 113)]
Predicted topic label: 66	Most frequent words: [('svn', 571), ('subversion', 255), ('file', 228), ('repository', 151), ('directory', 96)]
Predicted topic label: 30	Most frequent words: [('haskell', 474), ('scala', 214), ('function', 187), ('type', 167), ('matlab', 115)]
Predicted topic label: 81	Most frequent words: [('apache', 470), ('url', 111), ('server', 97), ('rewrite', 96), ('htaccess', 96)]
Predicted topic label: 15	Most frequent words: [('excel', 689), ('file', 143), ('vba', 126), ('cell', 125), ('data', 86)]
Predicted topic label: 68	Most frequent words: [('oracle', 354), ('sql', 144), ('procedure', 57), ('using', 52), ('database', 49)]
Predicted topic label: 32	Most frequent words: [('ajax', 251), ('sharepoint', 118), ('web', 110), ('net', 103), ('asp', 88)]
Predicted topic label: 38	Most frequent words: [('matlab', 390), ('matrix', 75), ('array', 67), ('image', 59), ('plot', 57)]
Predicted topic label: 44	Most frequent words: [('mac', 124), ('development', 59), ('best', 50), ('application', 48), ('osx', 34)]
Predicted topic label: 84	Most frequent words: [('scala', 267), ('type', 94), ('class', 82), ('java', 51), ('method', 48)]
Predicted topic label: 7	Most frequent words: [('visual', 365), ('studio', 350), ('project', 56), ('file', 37), ('solution', 35)]
Predicted topic label: 76	Most frequent words: [('drupal', 79), ('magento', 66), ('wordpress', 43), ('apache', 37), ('doe', 35)]
Predicted topic label: 71	Most frequent words: [('ajax', 276), ('jquery', 50), ('request', 48), ('using', 44), ('javascript', 34)]
Predicted topic label: 99	Most frequent words: [('magento', 263), ('product', 149), ('category', 34), ('attribute', 34), ('get', 27)]
Predicted topic label: 57	Most frequent words: [('scala', 55), ('cocoa', 32), ('object', 27), ('way', 14), ('case', 12)]
Predicted topic label: 17	Most frequent words: [('view', 18), ('text', 17), ('row', 16), ('make', 14), ('color', 11)]
Predicted topic label: 10	Most frequent words: [('haskell', 42), ('programming', 26), ('functional', 22), ('scala', 15), ('language', 12)]
Predicted topic label: 46	Most frequent words: [('matlab', 31), ('memory', 14), ('function', 11), ('cocoa', 9), ('byte', 5)]
Predicted topic label: 52	Most frequent words: [('qt', 5), ('signal', 3), ('trouble', 2), ('issue', 2), ('paintevent', 2)]
Predicted topic label: 31	Most frequent words: [('entityset', 1), ('fourier', 1), ('look', 1), ('interesting', 1), ('tar', 1)]
Predicted topic label: 8	Most frequent words: [('differ', 1), ('liftm', 1), ('lifta', 1), ('kdelibs', 0), ('builtin', 0)]
Predicted topic label: 98	Most frequent words: [('beta', 1), ('drive', 1), ('air', 1), ('unmounting', 1), ('removable', 1)]
Predicted topic label: 5	Most frequent words: [('trj', 1), ('virus', 1), ('remove', 1), ('website', 1), ('illredir', 1)]
Predicted topic label: 33	Most frequent words: [('gift', 0), ('wrapper', 0), ('projection', 0), ('iterators', 0), ('builtin', 0)]
Predicted topic label: 27	Most frequent words: [('gift', 0), ('wrapper', 0), ('projection', 0), ('iterators', 0), ('builtin', 0)]
Predicted topic label: 29	Most frequent words: [('gift', 0), ('wrapper', 0), ('projection', 0), ('iterators', 0), ('builtin', 0)]
Predicted topic label: 36	Most frequent words: [('gift', 0), ('wrapper', 0), ('projection', 0), ('iterators', 0), ('builtin', 0)]
Predicted number of documents per topic for most populated clusters: [3254 3138 2915 2230 1950 1776 1668 1310  989  480  256   30    2    1
    1    0    0    0    0]
Predicted topic labels with highest numbers of documents: [73 82 10  8 41 91 44 26 89  5 86 87 72 38 77  7 34 27 28]
Predicted topic label: 73	Most frequent words: [('ajax', 706), ('apache', 538), ('sharepoint', 400), ('using', 248), ('web', 248)]
Predicted topic label: 82	Most frequent words: [('visual', 724), ('studio', 682), ('mac', 428), ('qt', 426), ('file', 235)]
Predicted topic label: 10	Most frequent words: [('magento', 774), ('wordpress', 681), ('drupal', 656), ('page', 298), ('product', 225)]
Predicted topic label: 8	Most frequent words: [('bash', 625), ('oracle', 345), ('file', 309), ('script', 262), ('matlab', 233)]
Predicted topic label: 41	Most frequent words: [('scala', 613), ('haskell', 519), ('type', 276), ('function', 206), ('matlab', 148)]
Predicted topic label: 91	Most frequent words: [('hibernate', 704), ('spring', 680), ('using', 131), ('object', 124), ('bean', 120)]
Predicted topic label: 44	Most frequent words: [('linq', 723), ('query', 262), ('sql', 257), ('oracle', 243), ('using', 181)]
Predicted topic label: 26	Most frequent words: [('excel', 708), ('matlab', 203), ('cell', 136), ('file', 128), ('vba', 126)]
Predicted topic label: 89	Most frequent words: [('svn', 540), ('subversion', 226), ('file', 213), ('repository', 141), ('directory', 85)]
Predicted topic label: 5	Most frequent words: [('qt', 122), ('cocoa', 98), ('view', 36), ('text', 31), ('window', 29)]
Predicted topic label: 86	Most frequent words: [('matlab', 154), ('image', 36), ('plot', 35), ('vector', 22), ('line', 19)]
Predicted topic label: 87	Most frequent words: [('apache', 5), ('modem', 4), ('process', 3), ('progressive', 2), ('prefork', 2)]
Predicted topic label: 72	Most frequent words: [('brute', 1), ('defirence', 1), ('attack', 1), ('force', 1), ('floatvalue', 1)]
Predicted topic label: 38	Most frequent words: [('die', 1), ('acting', 1), ('afterward', 1), ('requires', 1), ('weird', 1)]
Predicted topic label: 77	Most frequent words: [('drool', 1), ('esper', 1), ('etl', 1), ('gift', 0), ('contols', 0)]
Predicted topic label: 7	Most frequent words: [('gift', 0), ('wrapper', 0), ('projection', 0), ('iterators', 0), ('builtin', 0)]
Predicted topic label: 34	Most frequent words: [('gift', 0), ('wrapper', 0), ('projection', 0), ('iterators', 0), ('builtin', 0)]
Predicted topic label: 27	Most frequent words: [('gift', 0), ('wrapper', 0), ('projection', 0), ('iterators', 0), ('builtin', 0)]
Predicted topic label: 28	Most frequent words: [('gift', 0), ('wrapper', 0), ('projection', 0), ('iterators', 0), ('builtin', 0)]
